2025-11-25 19:44:27,533 - INFO - [<module>:57] - [INIT] Gemini API configured successfully
2025-11-25 19:44:27,551 - INFO - [<module>:1031] - [START] Quiz Solver Service v6 - Gemini Edition
2025-11-25 19:44:27,551 - INFO - [<module>:1032] - [START] GEMINI_API_KEY configured: True
2025-11-25 19:44:27,551 - INFO - [<module>:1033] - [START] SECRET_KEY configured: True
2025-11-25 19:44:27,551 - INFO - [<module>:1034] - [START] LLM Provider: Google Gemini 2.5 Pro
2025-11-25 19:44:27,551 - INFO - [<module>:1035] - [START] Rate Limits: 15 req/min, 1M tokens/min, 1500 req/day
2025-11-25 19:44:27,552 - DEBUG - [__init__:64] - Using selector: KqueueSelector
2025-11-25 19:44:27,561 - INFO - [_serve:84] - Started server process [34197]
2025-11-25 19:44:27,561 - INFO - [startup:48] - Waiting for application startup.
2025-11-25 19:44:27,562 - INFO - [startup:62] - Application startup complete.
2025-11-25 19:44:27,562 - INFO - [_log_started_message:216] - Uvicorn running on http://127.0.0.1:8000 (Press CTRL+C to quit)
2025-11-25 19:44:38,954 - INFO - [receive_request:983] - [API] POST /receive_request
2025-11-25 19:44:38,954 - INFO - [receive_request:1001] - [API] Valid request for 23f2000524@ds.study.iitm.ac.in
2025-11-25 19:44:38,954 - INFO - [send:473] - 127.0.0.1:60036 - "POST /receive_request HTTP/1.1" 200
2025-11-25 19:44:38,955 - INFO - [process_request:936] - 
======================================================================
2025-11-25 19:44:38,955 - INFO - [process_request:937] - [CHAIN] Starting for 23f2000524@ds.study.iitm.ac.in
2025-11-25 19:44:38,955 - INFO - [process_request:938] - [CHAIN] Initial URL: http://tds-llm-analysis.s-anand.net/demo
2025-11-25 19:44:38,955 - INFO - [process_request:939] - [CHAIN] Extended timeout: 300 seconds (5 minutes)
2025-11-25 19:44:38,955 - INFO - [process_request:940] - [CHAIN] Using Gemini 2.5 Pro
2025-11-25 19:44:38,955 - INFO - [process_request:941] - ======================================================================

2025-11-25 19:44:38,955 - INFO - [process_request:957] - [CHAIN] Quiz 1/10 | 0.0s elapsed | 300.0s remaining
2025-11-25 19:44:38,955 - INFO - [process_quiz:872] - [QUIZ] Starting: http://tds-llm-analysis.s-anand.net/demo
2025-11-25 19:44:38,955 - DEBUG - [extract_url_params:78] - [CONTEXT] Extracted variables: {'EMAIL': '23f2000524@ds.study.iitm.ac.in'}
2025-11-25 19:44:38,955 - DEBUG - [process_quiz:877] - [QUIZ] Step 1: Fetch page
2025-11-25 19:44:38,955 - INFO - [fetch_page:132] - [FETCH] Starting fetch: http://tds-llm-analysis.s-anand.net/demo
2025-11-25 19:44:38,955 - DEBUG - [fetch_page:138] - [FETCH] Attempting static fetch
2025-11-25 19:44:38,995 - DEBUG - [atrace:87] - connect_tcp.started host='tds-llm-analysis.s-anand.net' port=80 local_address=None timeout=30.0 socket_options=None
2025-11-25 19:44:39,110 - DEBUG - [atrace:87] - connect_tcp.complete return_value=<httpcore._backends.anyio.AnyIOStream object at 0x109b22f90>
2025-11-25 19:44:39,111 - DEBUG - [atrace:87] - send_request_headers.started request=<Request [b'GET']>
2025-11-25 19:44:39,111 - DEBUG - [atrace:87] - send_request_headers.complete
2025-11-25 19:44:39,111 - DEBUG - [atrace:87] - send_request_body.started request=<Request [b'GET']>
2025-11-25 19:44:39,111 - DEBUG - [atrace:87] - send_request_body.complete
2025-11-25 19:44:39,111 - DEBUG - [atrace:87] - receive_response_headers.started request=<Request [b'GET']>
2025-11-25 19:44:39,144 - DEBUG - [atrace:87] - receive_response_headers.complete return_value=(b'HTTP/1.1', 200, b'OK', [(b'Date', b'Tue, 25 Nov 2025 14:14:39 GMT'), (b'Content-Type', b'text/html'), (b'Transfer-Encoding', b'chunked'), (b'Connection', b'keep-alive'), (b'CF-Cache-Status', b'HIT'), (b'Cache-Control', b'public, max-age=0, must-revalidate'), (b'Nel', b'{"report_to":"cf-nel","success_fraction":0.0,"max_age":604800}'), (b'Vary', b'accept-encoding'), (b'Report-To', b'{"group":"cf-nel","max_age":604800,"endpoints":[{"url":"https://a.nel.cloudflare.com/report/v4?s=XjTFioVCkGKRjvEapG3RQMGxdnoS2x7tJaOvBWKi43%2FQX%2Fis23kvRBg5GvmzkkCZEJEcCnJwYw2W9Nua%2FQ89DQu4IJuBU3TwP3tCtQThfCe2HMr7bdcBChHnULI%3D"}]}'), (b'ETag', b'W/"ce08b59240a57c2e963ec19952224928"'), (b'Content-Encoding', b'gzip'), (b'Server', b'cloudflare'), (b'CF-RAY', b'9a41c0ee3bc3d854-DEL'), (b'alt-svc', b'h3=":443"; ma=86400')])
2025-11-25 19:44:39,145 - DEBUG - [atrace:87] - receive_response_body.started request=<Request [b'GET']>
2025-11-25 19:44:39,145 - DEBUG - [atrace:87] - receive_response_body.complete
2025-11-25 19:44:39,145 - DEBUG - [atrace:87] - response_closed.started
2025-11-25 19:44:39,145 - DEBUG - [atrace:87] - response_closed.complete
2025-11-25 19:44:39,145 - DEBUG - [atrace:87] - close.started
2025-11-25 19:44:39,145 - DEBUG - [atrace:87] - close.complete
2025-11-25 19:44:39,145 - DEBUG - [fetch_page:143] - [FETCH] Static fetch successful: 336 bytes
2025-11-25 19:44:39,145 - DEBUG - [detect_dynamic_content:107] - [DETECT] Checking for dynamic content
2025-11-25 19:44:39,146 - DEBUG - [process_quiz:883] - [QUIZ] Step 2: Extract data
2025-11-25 19:44:39,146 - INFO - [extract_data:239] - [EXTRACT] Parsing page data
2025-11-25 19:44:39,146 - DEBUG - [extract_data:268] - [EXTRACT] Found 0 links
2025-11-25 19:44:39,146 - DEBUG - [extract_data:282] - [EXTRACT] Found 0 tables
2025-11-25 19:44:39,146 - DEBUG - [extract_data:302] - [EXTRACT] Found 0 forms
2025-11-25 19:44:39,146 - DEBUG - [extract_base64_content:202] - [EXTRACT] Searching for base64 encoded content
2025-11-25 19:44:39,146 - DEBUG - [extract_file_metadata:217] - [EXTRACT] Extracting file metadata
2025-11-25 19:44:39,147 - DEBUG - [extract_data:311] - [EXTRACT] Found 0 files
2025-11-25 19:44:39,147 - DEBUG - [process_quiz:886] - [QUIZ] Step 3: First LLM call - Understanding phase
2025-11-25 19:44:39,147 - INFO - [llm_understand:459] - [LLM_UNDERSTAND] ========== PHASE 1: UNDERSTANDING QUIZ ==========
2025-11-25 19:44:39,147 - INFO - [llm_understand:460] - [LLM_UNDERSTAND] Sending data to Gemini for analysis...
2025-11-25 19:44:39,147 - INFO - [llm_understand:502] - [LLM_UNDERSTAND] Calling Gemini 2.5 Pro with 4000 tokens...
2025-11-25 19:44:39,147 - DEBUG - [call_llm_gemini:328] - [GEMINI] Calling API with max_tokens=4000
2025-11-25 19:44:39,147 - DEBUG - [call_llm_gemini:354] - [GEMINI] Attempt 1/6
2025-11-25 19:44:39,147 - INFO - [call_llm_gemini:355] - [GEMINI] ⏳ Sending request to Gemini 2.5 Pro...
2025-11-25 19:44:39,147 - INFO - [call_llm_gemini:364] - [GEMINI] ⏳ WAITING FOR GEMINI TO ANALYZE AND RESPOND...
2025-11-25 19:45:06,019 - INFO - [call_llm_gemini:367] - [GEMINI] ✓ Received response from Gemini
2025-11-25 19:45:06,019 - DEBUG - [call_llm_gemini:380] - [GEMINI] Response content length: 834 chars
2025-11-25 19:45:06,020 - INFO - [call_llm_gemini:381] - [GEMINI] Response (first 300 chars): ```json
{
  "understanding": "The quiz requires submitting a JSON payload via a POST request to the `/submit` endpoint. The JSON object must contain four keys: `email`, `secret`, `url`, and `answer`. The values for `email` (using the context variable '23f2000524@ds.study.iitm.ac.in'), `url` ('/demo'
2025-11-25 19:45:06,020 - DEBUG - [call_llm_gemini:386] - [GEMINI] Removed markdown code blocks
2025-11-25 19:45:06,020 - DEBUG - [call_llm_gemini:392] - [GEMINI] Attempting to parse JSON response
2025-11-25 19:45:06,020 - INFO - [call_llm_gemini:394] - [GEMINI] ✓ Successfully parsed JSON response
2025-11-25 19:45:06,020 - DEBUG - [call_llm_gemini:395] - [GEMINI] Parsed keys: ['understanding', 'needed_steps', 'final_required_action']
2025-11-25 19:45:06,020 - INFO - [llm_understand:506] - [LLM_UNDERSTAND] ✓ Understanding: The quiz requires submitting a JSON payload via a POST request to the `/submit` endpoint. The JSON object must contain four keys: `email`, `secret`, `
2025-11-25 19:45:06,020 - INFO - [llm_understand:507] - [LLM_UNDERSTAND] Required steps: 0 steps identified
2025-11-25 19:45:06,020 - INFO - [llm_understand:508] - [LLM_UNDERSTAND] ========== UNDERSTANDING PHASE COMPLETE ==========
2025-11-25 19:45:06,021 - DEBUG - [process_quiz:892] - [QUIZ] Step 4: Perform steps if needed
2025-11-25 19:45:06,021 - DEBUG - [process_quiz:908] - [QUIZ] Step 5: Second LLM call - Solving phase
2025-11-25 19:45:06,021 - INFO - [llm_solve:702] - [LLM_SOLVE] ========== PHASE 2: SOLVING QUIZ ==========
2025-11-25 19:45:06,021 - INFO - [llm_solve:703] - [LLM_SOLVE] Sending all data to Gemini for solving...
2025-11-25 19:45:06,021 - INFO - [llm_solve:779] - [LLM_SOLVE] Calling Gemini 2.5 Pro with 4000 tokens...
2025-11-25 19:45:06,021 - DEBUG - [call_llm_gemini:328] - [GEMINI] Calling API with max_tokens=4000
2025-11-25 19:45:06,021 - DEBUG - [call_llm_gemini:354] - [GEMINI] Attempt 1/6
2025-11-25 19:45:06,021 - INFO - [call_llm_gemini:355] - [GEMINI] ⏳ Sending request to Gemini 2.5 Pro...
2025-11-25 19:45:06,022 - INFO - [call_llm_gemini:364] - [GEMINI] ⏳ WAITING FOR GEMINI TO ANALYZE AND RESPOND...
2025-11-25 19:45:23,321 - INFO - [call_llm_gemini:367] - [GEMINI] ✓ Received response from Gemini
2025-11-25 19:45:23,322 - DEBUG - [call_llm_gemini:380] - [GEMINI] Response content length: 1059 chars
2025-11-25 19:45:23,322 - INFO - [call_llm_gemini:381] - [GEMINI] Response (first 300 chars): ```json
{
  "analysis": "The quiz instructions on the page `/demo` specify that a JSON object must be POSTed to the `/submit` endpoint. The required JSON structure is `{\"email\": \"your email\", \"secret\": \"your secret\", \"url\": \"/demo\", \"answer\": \"anything you want\"}`. I have the values 
2025-11-25 19:45:23,322 - DEBUG - [call_llm_gemini:386] - [GEMINI] Removed markdown code blocks
2025-11-25 19:45:23,322 - DEBUG - [call_llm_gemini:392] - [GEMINI] Attempting to parse JSON response
2025-11-25 19:45:23,323 - INFO - [call_llm_gemini:394] - [GEMINI] ✓ Successfully parsed JSON response
2025-11-25 19:45:23,323 - DEBUG - [call_llm_gemini:395] - [GEMINI] Parsed keys: ['analysis', 'answer', 'confidence', 'reasoning', 'requires_navigation']
2025-11-25 19:45:23,323 - INFO - [llm_solve:806] - [LLM_SOLVE] ✓ Final answer determined: /
2025-11-25 19:45:23,323 - INFO - [llm_solve:807] - [LLM_SOLVE] Confidence: 1.0
2025-11-25 19:45:23,323 - INFO - [llm_solve:808] - [LLM_SOLVE] Analysis: The quiz instructions on the page `/demo` specify that a JSON object must be POSTed to the `/submit` endpoint. The required JSON structure is `{"email": "your email", "secret": "your secret", "url": "
2025-11-25 19:45:23,323 - INFO - [llm_solve:809] - [LLM_SOLVE] ========== SOLVING PHASE COMPLETE ==========
2025-11-25 19:45:23,323 - DEBUG - [process_quiz:919] - [QUIZ] Step 6: Submit answer
2025-11-25 19:45:23,323 - INFO - [submit_answer:813] - [SUBMIT] Posting answer to https://tds-llm-analysis.s-anand.net/submit
2025-11-25 19:45:23,323 - INFO - [submit_answer:834] - [SUBMIT] Payload preview: email=23f2000524@ds.study.iitm.ac.in, url=http://tds-llm-analysis.s-anand.net/demo, answer=/
2025-11-25 19:45:23,323 - DEBUG - [submit_answer:835] - [SUBMIT] Secret used: secre...
2025-11-25 19:45:23,339 - DEBUG - [atrace:87] - connect_tcp.started host='tds-llm-analysis.s-anand.net' port=443 local_address=None timeout=30.0 socket_options=None
2025-11-25 19:45:23,347 - DEBUG - [atrace:87] - connect_tcp.complete return_value=<httpcore._backends.anyio.AnyIOStream object at 0x109f11590>
2025-11-25 19:45:23,348 - DEBUG - [atrace:87] - start_tls.started ssl_context=<ssl.SSLContext object at 0x108461f30> server_hostname='tds-llm-analysis.s-anand.net' timeout=30.0
2025-11-25 19:45:23,362 - DEBUG - [atrace:87] - start_tls.complete return_value=<httpcore._backends.anyio.AnyIOStream object at 0x109f116d0>
2025-11-25 19:45:23,362 - DEBUG - [atrace:87] - send_request_headers.started request=<Request [b'POST']>
2025-11-25 19:45:23,362 - DEBUG - [atrace:87] - send_request_headers.complete
2025-11-25 19:45:23,362 - DEBUG - [atrace:87] - send_request_body.started request=<Request [b'POST']>
2025-11-25 19:45:23,362 - DEBUG - [atrace:87] - send_request_body.complete
2025-11-25 19:45:23,362 - DEBUG - [atrace:87] - receive_response_headers.started request=<Request [b'POST']>
2025-11-25 19:45:24,140 - DEBUG - [atrace:87] - receive_response_headers.complete return_value=(b'HTTP/1.1', 200, b'OK', [(b'Date', b'Tue, 25 Nov 2025 14:15:24 GMT'), (b'Content-Type', b'application/json'), (b'Transfer-Encoding', b'chunked'), (b'Connection', b'keep-alive'), (b'Vary', b'accept-encoding'), (b'Report-To', b'{"group":"cf-nel","max_age":604800,"endpoints":[{"url":"https://a.nel.cloudflare.com/report/v4?s=hZC%2FNPvpL3IO8%2FOVKVxMM8BjGZ7PVqhCJxc7HQXMWnKjFQ6Z%2F0YGeY1waWS6hHb0tSecOCAjW9oBxZwJBfYOHK8A4ccJj%2B3NSM6yzaZsBkr2pxkM5TojfBoOTVE%3D"}]}'), (b'Nel', b'{"report_to":"cf-nel","success_fraction":0.0,"max_age":604800}'), (b'Content-Encoding', b'gzip'), (b'Server', b'cloudflare'), (b'CF-RAY', b'9a41c202cfa9a346-DEL'), (b'alt-svc', b'h3=":443"; ma=86400')])
2025-11-25 19:45:24,141 - DEBUG - [atrace:87] - receive_response_body.started request=<Request [b'POST']>
2025-11-25 19:45:24,142 - DEBUG - [atrace:87] - receive_response_body.complete
2025-11-25 19:45:24,142 - DEBUG - [atrace:87] - response_closed.started
2025-11-25 19:45:24,143 - DEBUG - [atrace:87] - response_closed.complete
2025-11-25 19:45:24,143 - DEBUG - [atrace:87] - close.started
2025-11-25 19:45:24,144 - DEBUG - [atrace:87] - close.complete
2025-11-25 19:45:24,144 - INFO - [submit_answer:853] - [SUBMIT] ✓ CORRECT
2025-11-25 19:45:24,144 - INFO - [process_request:957] - [CHAIN] Quiz 2/10 | 45.2s elapsed | 254.8s remaining
2025-11-25 19:45:24,144 - INFO - [process_quiz:872] - [QUIZ] Starting: https://tds-llm-analysis.s-anand.net/demo-scrape?email=23f2000524%40ds.study.iitm.ac.in&id=8625
2025-11-25 19:45:24,145 - DEBUG - [extract_url_params:78] - [CONTEXT] Extracted variables: {'EMAIL': '23f2000524@ds.study.iitm.ac.in', 'email': '23f2000524@ds.study.iitm.ac.in', 'ID': '8625', 'id': '8625'}
2025-11-25 19:45:24,145 - DEBUG - [process_quiz:877] - [QUIZ] Step 1: Fetch page
2025-11-25 19:45:24,145 - INFO - [fetch_page:132] - [FETCH] Starting fetch: https://tds-llm-analysis.s-anand.net/demo-scrape?email=23f2000524%40ds.study.iitm.ac.in&id=8625
2025-11-25 19:45:24,145 - DEBUG - [fetch_page:138] - [FETCH] Attempting static fetch
2025-11-25 19:45:24,163 - DEBUG - [atrace:87] - connect_tcp.started host='tds-llm-analysis.s-anand.net' port=443 local_address=None timeout=30.0 socket_options=None
2025-11-25 19:45:24,172 - DEBUG - [atrace:87] - connect_tcp.complete return_value=<httpcore._backends.anyio.AnyIOStream object at 0x109bc0e90>
2025-11-25 19:45:24,172 - DEBUG - [atrace:87] - start_tls.started ssl_context=<ssl.SSLContext object at 0x108463930> server_hostname='tds-llm-analysis.s-anand.net' timeout=30.0
2025-11-25 19:45:24,186 - DEBUG - [atrace:87] - start_tls.complete return_value=<httpcore._backends.anyio.AnyIOStream object at 0x109bc0fc0>
2025-11-25 19:45:24,186 - DEBUG - [atrace:87] - send_request_headers.started request=<Request [b'GET']>
2025-11-25 19:45:24,186 - DEBUG - [atrace:87] - send_request_headers.complete
2025-11-25 19:45:24,186 - DEBUG - [atrace:87] - send_request_body.started request=<Request [b'GET']>
2025-11-25 19:45:24,186 - DEBUG - [atrace:87] - send_request_body.complete
2025-11-25 19:45:24,186 - DEBUG - [atrace:87] - receive_response_headers.started request=<Request [b'GET']>
2025-11-25 19:45:24,205 - DEBUG - [atrace:87] - receive_response_headers.complete return_value=(b'HTTP/1.1', 200, b'OK', [(b'Date', b'Tue, 25 Nov 2025 14:15:24 GMT'), (b'Content-Type', b'text/html'), (b'Transfer-Encoding', b'chunked'), (b'Connection', b'keep-alive'), (b'CF-Cache-Status', b'HIT'), (b'Cache-Control', b'public, max-age=0, must-revalidate'), (b'Nel', b'{"report_to":"cf-nel","success_fraction":0.0,"max_age":604800}'), (b'Vary', b'accept-encoding'), (b'Report-To', b'{"group":"cf-nel","max_age":604800,"endpoints":[{"url":"https://a.nel.cloudflare.com/report/v4?s=MtkfvqFsDDKfUBCfZ%2F1dWDzbR%2Fy8o4BS2jRtw4lA6PmAaQqoceJr%2BZO0chaWwRk5M2CCU10JoLcIlui8X2AtSUQt4V1M4eUqVH8BeEQOG5tVElqnVZHR4ACH6cI%3D"}]}'), (b'ETag', b'W/"504379483bd9ab9550da5301a3521113"'), (b'Content-Encoding', b'gzip'), (b'Server', b'cloudflare'), (b'CF-RAY', b'9a41c207ee674e88-DEL'), (b'alt-svc', b'h3=":443"; ma=86400')])
2025-11-25 19:45:24,206 - DEBUG - [atrace:87] - receive_response_body.started request=<Request [b'GET']>
2025-11-25 19:45:24,206 - DEBUG - [atrace:87] - receive_response_body.complete
2025-11-25 19:45:24,206 - DEBUG - [atrace:87] - response_closed.started
2025-11-25 19:45:24,206 - DEBUG - [atrace:87] - response_closed.complete
2025-11-25 19:45:24,206 - DEBUG - [atrace:87] - close.started
2025-11-25 19:45:24,206 - DEBUG - [atrace:87] - close.complete
2025-11-25 19:45:24,206 - DEBUG - [fetch_page:143] - [FETCH] Static fetch successful: 779 bytes
2025-11-25 19:45:24,206 - DEBUG - [detect_dynamic_content:107] - [DETECT] Checking for dynamic content
2025-11-25 19:45:24,207 - DEBUG - [process_quiz:883] - [QUIZ] Step 2: Extract data
2025-11-25 19:45:24,207 - INFO - [extract_data:239] - [EXTRACT] Parsing page data
2025-11-25 19:45:24,207 - DEBUG - [extract_data:268] - [EXTRACT] Found 0 links
2025-11-25 19:45:24,207 - DEBUG - [extract_data:282] - [EXTRACT] Found 0 tables
2025-11-25 19:45:24,207 - DEBUG - [extract_data:302] - [EXTRACT] Found 0 forms
2025-11-25 19:45:24,207 - DEBUG - [extract_base64_content:202] - [EXTRACT] Searching for base64 encoded content
2025-11-25 19:45:24,207 - DEBUG - [extract_base64_content:209] - [EXTRACT] Decoded: Scrape <a href="/demo-scrape-data?email=$EMAIL">/demo-scrape-data?email=$EMAIL</a> (relative to this
2025-11-25 19:45:24,207 - INFO - [extract_data:308] - [EXTRACT] Decoded content length: 338
2025-11-25 19:45:24,207 - DEBUG - [extract_file_metadata:217] - [EXTRACT] Extracting file metadata
2025-11-25 19:45:24,207 - DEBUG - [extract_data:311] - [EXTRACT] Found 0 files
2025-11-25 19:45:24,207 - DEBUG - [process_quiz:886] - [QUIZ] Step 3: First LLM call - Understanding phase
2025-11-25 19:45:24,207 - INFO - [llm_understand:459] - [LLM_UNDERSTAND] ========== PHASE 1: UNDERSTANDING QUIZ ==========
2025-11-25 19:45:24,207 - INFO - [llm_understand:460] - [LLM_UNDERSTAND] Sending data to Gemini for analysis...
2025-11-25 19:45:24,207 - INFO - [llm_understand:502] - [LLM_UNDERSTAND] Calling Gemini 2.5 Pro with 4000 tokens...
2025-11-25 19:45:24,207 - DEBUG - [call_llm_gemini:328] - [GEMINI] Calling API with max_tokens=4000
2025-11-25 19:45:24,207 - DEBUG - [call_llm_gemini:354] - [GEMINI] Attempt 1/6
2025-11-25 19:45:24,207 - INFO - [call_llm_gemini:355] - [GEMINI] ⏳ Sending request to Gemini 2.5 Pro...
2025-11-25 19:45:24,208 - INFO - [call_llm_gemini:364] - [GEMINI] ⏳ WAITING FOR GEMINI TO ANALYZE AND RESPOND...
2025-11-25 19:45:40,917 - INFO - [call_llm_gemini:367] - [GEMINI] ✓ Received response from Gemini
2025-11-25 19:45:40,918 - DEBUG - [call_llm_gemini:380] - [GEMINI] Response content length: 881 chars
2025-11-25 19:45:40,918 - INFO - [call_llm_gemini:381] - [GEMINI] Response (first 300 chars): ```json
{
  "understanding": "The quiz requires a multi-step process. First, I must scrape a secondary URL to obtain a 'secret code'. The target URL is relative to the current page and is given as '/demo-scrape-data?email=$EMAIL'. I need to substitute the '$EMAIL' variable with the value provided in
2025-11-25 19:45:40,918 - DEBUG - [call_llm_gemini:386] - [GEMINI] Removed markdown code blocks
2025-11-25 19:45:40,918 - DEBUG - [call_llm_gemini:392] - [GEMINI] Attempting to parse JSON response
2025-11-25 19:45:40,919 - INFO - [call_llm_gemini:394] - [GEMINI] ✓ Successfully parsed JSON response
2025-11-25 19:45:40,919 - DEBUG - [call_llm_gemini:395] - [GEMINI] Parsed keys: ['understanding', 'needed_steps', 'final_required_action']
2025-11-25 19:45:40,919 - INFO - [llm_understand:506] - [LLM_UNDERSTAND] ✓ Understanding: The quiz requires a multi-step process. First, I must scrape a secondary URL to obtain a 'secret code'. The target URL is relative to the current page
2025-11-25 19:45:40,919 - INFO - [llm_understand:507] - [LLM_UNDERSTAND] Required steps: 1 steps identified
2025-11-25 19:45:40,919 - INFO - [llm_understand:508] - [LLM_UNDERSTAND] ========== UNDERSTANDING PHASE COMPLETE ==========
2025-11-25 19:45:40,919 - DEBUG - [process_quiz:892] - [QUIZ] Step 4: Perform steps if needed
2025-11-25 19:45:40,919 - DEBUG - [substitute_variables:91] - [CONTEXT] Substituted '/demo-scrape-data?email=$EMAIL' -> '/demo-scrape-data?email=23f2000524@ds.study.iitm.ac.in'
2025-11-25 19:45:40,920 - INFO - [perform_step:615] - [PERFORM] Executing: scrape_url -> /demo-scrape-data?email=23f2000524@ds.study.iitm.ac.in
2025-11-25 19:45:40,920 - INFO - [perform_step:623] - [PERFORM] Scraping: https://tds-llm-analysis.s-anand.net/demo-scrape-data?email=23f2000524@ds.study.iitm.ac.in
2025-11-25 19:45:40,920 - INFO - [perform_step:627] - [PERFORM] Using Playwright to ensure JavaScript execution
2025-11-25 19:45:40,920 - INFO - [fetch_page:132] - [FETCH] Starting fetch: https://tds-llm-analysis.s-anand.net/demo-scrape-data?email=23f2000524@ds.study.iitm.ac.in
2025-11-25 19:45:40,920 - INFO - [fetch_page:156] - [FETCH] Using Playwright for JavaScript execution
2025-11-25 19:45:41,479 - DEBUG - [__init__:64] - Using selector: KqueueSelector
2025-11-25 19:45:42,121 - INFO - [render:175] - [FETCH] Loading page with Playwright: https://tds-llm-analysis.s-anand.net/demo-scrape-data?email=23f2000524@ds.study.iitm.ac.in
2025-11-25 19:45:42,275 - DEBUG - [render:178] - [FETCH] Waiting for JavaScript execution (5s)
2025-11-25 19:45:47,317 - INFO - [render:184] - [FETCH] Playwright render complete: 179 bytes
2025-11-25 19:45:47,321 - DEBUG - [perform_step:634] - [PERFORM] Page content preview: <html><head></head><body><div id="question">Secret code is <strong>56963</strong> and not <em>56997</em>.</div>
<script src="demo-scrape.js" type="module"></script>
</body></html>
2025-11-25 19:45:47,322 - INFO - [extract_data:239] - [EXTRACT] Parsing page data
2025-11-25 19:45:47,322 - DEBUG - [extract_data:268] - [EXTRACT] Found 0 links
2025-11-25 19:45:47,322 - DEBUG - [extract_data:282] - [EXTRACT] Found 0 tables
2025-11-25 19:45:47,322 - DEBUG - [extract_data:302] - [EXTRACT] Found 0 forms
2025-11-25 19:45:47,322 - DEBUG - [extract_base64_content:202] - [EXTRACT] Searching for base64 encoded content
2025-11-25 19:45:47,322 - DEBUG - [extract_file_metadata:217] - [EXTRACT] Extracting file metadata
2025-11-25 19:45:47,324 - DEBUG - [extract_data:311] - [EXTRACT] Found 0 files
2025-11-25 19:45:47,324 - DEBUG - [extract_base64_content:202] - [EXTRACT] Searching for base64 encoded content
2025-11-25 19:45:47,324 - INFO - [perform_step:662] - [PERFORM] Scrape successful
2025-11-25 19:45:47,324 - DEBUG - [process_quiz:905] - [QUIZ] Re-extracting data after scrape
2025-11-25 19:45:47,324 - DEBUG - [extract_base64_content:202] - [EXTRACT] Searching for base64 encoded content
2025-11-25 19:45:47,324 - DEBUG - [process_quiz:908] - [QUIZ] Step 5: Second LLM call - Solving phase
2025-11-25 19:45:47,324 - INFO - [llm_solve:702] - [LLM_SOLVE] ========== PHASE 2: SOLVING QUIZ ==========
2025-11-25 19:45:47,324 - INFO - [llm_solve:703] - [LLM_SOLVE] Sending all data to Gemini for solving...
2025-11-25 19:45:47,324 - INFO - [llm_solve:779] - [LLM_SOLVE] Calling Gemini 2.5 Pro with 4000 tokens...
2025-11-25 19:45:47,324 - DEBUG - [call_llm_gemini:328] - [GEMINI] Calling API with max_tokens=4000
2025-11-25 19:45:47,324 - DEBUG - [call_llm_gemini:354] - [GEMINI] Attempt 1/6
2025-11-25 19:45:47,324 - INFO - [call_llm_gemini:355] - [GEMINI] ⏳ Sending request to Gemini 2.5 Pro...
2025-11-25 19:45:47,325 - INFO - [call_llm_gemini:364] - [GEMINI] ⏳ WAITING FOR GEMINI TO ANALYZE AND RESPOND...
2025-11-25 19:46:00,568 - INFO - [call_llm_gemini:367] - [GEMINI] ✓ Received response from Gemini
2025-11-25 19:46:00,569 - DEBUG - [call_llm_gemini:380] - [GEMINI] Response content length: 802 chars
2025-11-25 19:46:00,569 - INFO - [call_llm_gemini:381] - [GEMINI] Response (first 300 chars): ```json
{
  "analysis": "The initial phase of the quiz required scraping a URL constructed from a base path and a context variable for email. The URL visited was 'https://tds-llm-analysis.s-anand.net/demo-scrape-data?email=23f2000524@ds.study.iitm.ac.in'. The data returned from this URL is provided 
2025-11-25 19:46:00,569 - DEBUG - [call_llm_gemini:386] - [GEMINI] Removed markdown code blocks
2025-11-25 19:46:00,569 - DEBUG - [call_llm_gemini:392] - [GEMINI] Attempting to parse JSON response
2025-11-25 19:46:00,570 - INFO - [call_llm_gemini:394] - [GEMINI] ✓ Successfully parsed JSON response
2025-11-25 19:46:00,570 - DEBUG - [call_llm_gemini:395] - [GEMINI] Parsed keys: ['analysis', 'answer', 'confidence', 'reasoning', 'requires_navigation']
2025-11-25 19:46:00,570 - INFO - [llm_solve:806] - [LLM_SOLVE] ✓ Final answer determined: 56963
2025-11-25 19:46:00,570 - INFO - [llm_solve:807] - [LLM_SOLVE] Confidence: 1.0
2025-11-25 19:46:00,570 - INFO - [llm_solve:808] - [LLM_SOLVE] Analysis: The initial phase of the quiz required scraping a URL constructed from a base path and a context variable for email. The URL visited was 'https://tds-llm-analysis.s-anand.net/demo-scrape-data?email=23
2025-11-25 19:46:00,570 - INFO - [llm_solve:809] - [LLM_SOLVE] ========== SOLVING PHASE COMPLETE ==========
2025-11-25 19:46:00,570 - DEBUG - [process_quiz:919] - [QUIZ] Step 6: Submit answer
2025-11-25 19:46:00,570 - INFO - [submit_answer:813] - [SUBMIT] Posting answer to https://tds-llm-analysis.s-anand.net/submit
2025-11-25 19:46:00,570 - INFO - [submit_answer:834] - [SUBMIT] Payload preview: email=23f2000524@ds.study.iitm.ac.in, url=https://tds-llm-analysis.s-anand.net/demo-scrape?email=23f2000524%40ds.study.iitm.ac.in&id=8625, answer=56963
2025-11-25 19:46:00,571 - DEBUG - [submit_answer:835] - [SUBMIT] Secret used: secre...
2025-11-25 19:46:00,591 - DEBUG - [atrace:87] - connect_tcp.started host='tds-llm-analysis.s-anand.net' port=443 local_address=None timeout=30.0 socket_options=None
2025-11-25 19:46:00,606 - DEBUG - [atrace:87] - connect_tcp.complete return_value=<httpcore._backends.anyio.AnyIOStream object at 0x10adc7e30>
2025-11-25 19:46:00,606 - DEBUG - [atrace:87] - start_tls.started ssl_context=<ssl.SSLContext object at 0x109f3a2b0> server_hostname='tds-llm-analysis.s-anand.net' timeout=30.0
2025-11-25 19:46:00,617 - DEBUG - [atrace:87] - start_tls.complete return_value=<httpcore._backends.anyio.AnyIOStream object at 0x10adbfce0>
2025-11-25 19:46:00,618 - DEBUG - [atrace:87] - send_request_headers.started request=<Request [b'POST']>
2025-11-25 19:46:00,618 - DEBUG - [atrace:87] - send_request_headers.complete
2025-11-25 19:46:00,618 - DEBUG - [atrace:87] - send_request_body.started request=<Request [b'POST']>
2025-11-25 19:46:00,618 - DEBUG - [atrace:87] - send_request_body.complete
2025-11-25 19:46:00,618 - DEBUG - [atrace:87] - receive_response_headers.started request=<Request [b'POST']>
2025-11-25 19:46:00,993 - DEBUG - [atrace:87] - receive_response_headers.complete return_value=(b'HTTP/1.1', 200, b'OK', [(b'Date', b'Tue, 25 Nov 2025 14:16:00 GMT'), (b'Content-Type', b'application/json'), (b'Transfer-Encoding', b'chunked'), (b'Connection', b'keep-alive'), (b'Vary', b'accept-encoding'), (b'Report-To', b'{"group":"cf-nel","max_age":604800,"endpoints":[{"url":"https://a.nel.cloudflare.com/report/v4?s=1n6SbhQSl3e2MJGSrGjJKC8lkYPzi9TGCEhsY4PLIhqrmcNOst0TvwiJmfh2TxbdH6gYByYrlclxZCj3Fc3CYGfQ2YlZq44Rh9%2B4wtVm6R5%2FtOTkj8OXyoOKGQI%3D"}]}'), (b'Nel', b'{"report_to":"cf-nel","success_fraction":0.0,"max_age":604800}'), (b'Content-Encoding', b'gzip'), (b'Server', b'cloudflare'), (b'CF-RAY', b'9a41c2ebce22f043-DEL'), (b'alt-svc', b'h3=":443"; ma=86400')])
2025-11-25 19:46:00,995 - DEBUG - [atrace:87] - receive_response_body.started request=<Request [b'POST']>
2025-11-25 19:46:00,995 - DEBUG - [atrace:87] - receive_response_body.complete
2025-11-25 19:46:00,996 - DEBUG - [atrace:87] - response_closed.started
2025-11-25 19:46:00,996 - DEBUG - [atrace:87] - response_closed.complete
2025-11-25 19:46:00,996 - DEBUG - [atrace:87] - close.started
2025-11-25 19:46:00,997 - DEBUG - [atrace:87] - close.complete
2025-11-25 19:46:00,997 - INFO - [submit_answer:853] - [SUBMIT] ✓ CORRECT
2025-11-25 19:46:00,997 - INFO - [process_request:957] - [CHAIN] Quiz 3/10 | 82.1s elapsed | 217.9s remaining
2025-11-25 19:46:00,997 - INFO - [process_quiz:872] - [QUIZ] Starting: https://tds-llm-analysis.s-anand.net/demo-audio?email=23f2000524%40ds.study.iitm.ac.in&id=8626
2025-11-25 19:46:00,997 - DEBUG - [extract_url_params:78] - [CONTEXT] Extracted variables: {'EMAIL': '23f2000524@ds.study.iitm.ac.in', 'email': '23f2000524@ds.study.iitm.ac.in', 'ID': '8626', 'id': '8626'}
2025-11-25 19:46:00,998 - DEBUG - [process_quiz:877] - [QUIZ] Step 1: Fetch page
2025-11-25 19:46:00,998 - INFO - [fetch_page:132] - [FETCH] Starting fetch: https://tds-llm-analysis.s-anand.net/demo-audio?email=23f2000524%40ds.study.iitm.ac.in&id=8626
2025-11-25 19:46:00,998 - DEBUG - [fetch_page:138] - [FETCH] Attempting static fetch
2025-11-25 19:46:01,016 - DEBUG - [atrace:87] - connect_tcp.started host='tds-llm-analysis.s-anand.net' port=443 local_address=None timeout=30.0 socket_options=None
2025-11-25 19:46:01,024 - DEBUG - [atrace:87] - connect_tcp.complete return_value=<httpcore._backends.anyio.AnyIOStream object at 0x10adbf790>
2025-11-25 19:46:01,024 - DEBUG - [atrace:87] - start_tls.started ssl_context=<ssl.SSLContext object at 0x10b0ac690> server_hostname='tds-llm-analysis.s-anand.net' timeout=30.0
2025-11-25 19:46:01,038 - DEBUG - [atrace:87] - start_tls.complete return_value=<httpcore._backends.anyio.AnyIOStream object at 0x10adcb650>
2025-11-25 19:46:01,038 - DEBUG - [atrace:87] - send_request_headers.started request=<Request [b'GET']>
2025-11-25 19:46:01,039 - DEBUG - [atrace:87] - send_request_headers.complete
2025-11-25 19:46:01,039 - DEBUG - [atrace:87] - send_request_body.started request=<Request [b'GET']>
2025-11-25 19:46:01,039 - DEBUG - [atrace:87] - send_request_body.complete
2025-11-25 19:46:01,039 - DEBUG - [atrace:87] - receive_response_headers.started request=<Request [b'GET']>
2025-11-25 19:46:01,054 - DEBUG - [atrace:87] - receive_response_headers.complete return_value=(b'HTTP/1.1', 200, b'OK', [(b'Date', b'Tue, 25 Nov 2025 14:16:01 GMT'), (b'Content-Type', b'text/html'), (b'Transfer-Encoding', b'chunked'), (b'Connection', b'keep-alive'), (b'CF-Cache-Status', b'HIT'), (b'Cache-Control', b'public, max-age=0, must-revalidate'), (b'Nel', b'{"report_to":"cf-nel","success_fraction":0.0,"max_age":604800}'), (b'Vary', b'accept-encoding'), (b'Report-To', b'{"group":"cf-nel","max_age":604800,"endpoints":[{"url":"https://a.nel.cloudflare.com/report/v4?s=4q6Bh%2F6focCLyuvptEVRUWGmqYmCg0B2QbV0R6wRdj2VyHS%2BApMmTiiNRka7Y%2BsZZciSmE1CL7TtvealSulDbzAO5kBrSt%2BVNda0LX9j58yj%2BEEMIKzq461wiUo%3D"}]}'), (b'ETag', b'W/"5444769b77197d9998c3cdb6bc2cd646"'), (b'Content-Encoding', b'gzip'), (b'Server', b'cloudflare'), (b'CF-RAY', b'9a41c2ee6cc7c51e-DEL'), (b'alt-svc', b'h3=":443"; ma=86400')])
2025-11-25 19:46:01,054 - DEBUG - [atrace:87] - receive_response_body.started request=<Request [b'GET']>
2025-11-25 19:46:01,055 - DEBUG - [atrace:87] - receive_response_body.complete
2025-11-25 19:46:01,055 - DEBUG - [atrace:87] - response_closed.started
2025-11-25 19:46:01,055 - DEBUG - [atrace:87] - response_closed.complete
2025-11-25 19:46:01,055 - DEBUG - [atrace:87] - close.started
2025-11-25 19:46:01,055 - DEBUG - [atrace:87] - close.complete
2025-11-25 19:46:01,055 - DEBUG - [fetch_page:143] - [FETCH] Static fetch successful: 635 bytes
2025-11-25 19:46:01,055 - DEBUG - [detect_dynamic_content:107] - [DETECT] Checking for dynamic content
2025-11-25 19:46:01,056 - DEBUG - [process_quiz:883] - [QUIZ] Step 2: Extract data
2025-11-25 19:46:01,056 - INFO - [extract_data:239] - [EXTRACT] Parsing page data
2025-11-25 19:46:01,056 - DEBUG - [extract_data:268] - [EXTRACT] Found 1 links
2025-11-25 19:46:01,056 - DEBUG - [extract_data:282] - [EXTRACT] Found 0 tables
2025-11-25 19:46:01,056 - DEBUG - [extract_data:302] - [EXTRACT] Found 0 forms
2025-11-25 19:46:01,056 - DEBUG - [extract_base64_content:202] - [EXTRACT] Searching for base64 encoded content
2025-11-25 19:46:01,056 - DEBUG - [extract_file_metadata:217] - [EXTRACT] Extracting file metadata
2025-11-25 19:46:01,057 - DEBUG - [extract_file_metadata:234] - [EXTRACT] Found file: CSV file (csv)
2025-11-25 19:46:01,057 - DEBUG - [extract_data:311] - [EXTRACT] Found 1 files
2025-11-25 19:46:01,057 - DEBUG - [process_quiz:886] - [QUIZ] Step 3: First LLM call - Understanding phase
2025-11-25 19:46:01,057 - INFO - [llm_understand:459] - [LLM_UNDERSTAND] ========== PHASE 1: UNDERSTANDING QUIZ ==========
2025-11-25 19:46:01,057 - INFO - [llm_understand:460] - [LLM_UNDERSTAND] Sending data to Gemini for analysis...
2025-11-25 19:46:01,057 - INFO - [llm_understand:502] - [LLM_UNDERSTAND] Calling Gemini 2.5 Pro with 4000 tokens...
2025-11-25 19:46:01,057 - DEBUG - [call_llm_gemini:328] - [GEMINI] Calling API with max_tokens=4000
2025-11-25 19:46:01,057 - DEBUG - [call_llm_gemini:354] - [GEMINI] Attempt 1/6
2025-11-25 19:46:01,057 - INFO - [call_llm_gemini:355] - [GEMINI] ⏳ Sending request to Gemini 2.5 Pro...
2025-11-25 19:46:01,057 - INFO - [call_llm_gemini:364] - [GEMINI] ⏳ WAITING FOR GEMINI TO ANALYZE AND RESPOND...
2025-11-25 19:46:23,927 - INFO - [call_llm_gemini:367] - [GEMINI] ✓ Received response from Gemini
2025-11-25 19:46:23,929 - DEBUG - [call_llm_gemini:380] - [GEMINI] Response content length: 1191 chars
2025-11-25 19:46:23,929 - INFO - [call_llm_gemini:381] - [GEMINI] Response (first 300 chars): ```json
{
  "understanding": "The user must solve a quiz by processing data from an external CSV file. The quiz page provides a link to a file named 'demo-audio-data.csv'. The page also mentions a 'Cutoff' but does not specify a value. This indicates that the cutoff value needs to be calculated from
2025-11-25 19:46:23,929 - DEBUG - [call_llm_gemini:386] - [GEMINI] Removed markdown code blocks
2025-11-25 19:46:23,929 - DEBUG - [call_llm_gemini:392] - [GEMINI] Attempting to parse JSON response
2025-11-25 19:46:23,929 - INFO - [call_llm_gemini:394] - [GEMINI] ✓ Successfully parsed JSON response
2025-11-25 19:46:23,929 - DEBUG - [call_llm_gemini:395] - [GEMINI] Parsed keys: ['understanding', 'needed_steps', 'final_required_action']
2025-11-25 19:46:23,929 - INFO - [llm_understand:506] - [LLM_UNDERSTAND] ✓ Understanding: The user must solve a quiz by processing data from an external CSV file. The quiz page provides a link to a file named 'demo-audio-data.csv'. The page
2025-11-25 19:46:23,930 - INFO - [llm_understand:507] - [LLM_UNDERSTAND] Required steps: 2 steps identified
2025-11-25 19:46:23,930 - INFO - [llm_understand:508] - [LLM_UNDERSTAND] ========== UNDERSTANDING PHASE COMPLETE ==========
2025-11-25 19:46:23,930 - DEBUG - [process_quiz:892] - [QUIZ] Step 4: Perform steps if needed
2025-11-25 19:46:23,930 - DEBUG - [substitute_variables:91] - [CONTEXT] Substituted 'https://tds-llm-analysis.s-anand.net/demo-audio-data.csv' -> 'https://tds-llm-analysis.s-anand.net/demo-audio-data.csv'
2025-11-25 19:46:23,930 - INFO - [perform_step:615] - [PERFORM] Executing: download_file -> https://tds-llm-analysis.s-anand.net/demo-audio-data.csv
2025-11-25 19:46:23,930 - INFO - [download_and_process_file:515] - [FILE] Downloading: https://tds-llm-analysis.s-anand.net/demo-audio-data.csv
2025-11-25 19:46:23,949 - DEBUG - [atrace:87] - connect_tcp.started host='tds-llm-analysis.s-anand.net' port=443 local_address=None timeout=60.0 socket_options=None
2025-11-25 19:46:23,961 - DEBUG - [atrace:87] - connect_tcp.complete return_value=<httpcore._backends.anyio.AnyIOStream object at 0x10b146850>
2025-11-25 19:46:23,961 - DEBUG - [atrace:87] - start_tls.started ssl_context=<ssl.SSLContext object at 0x109916450> server_hostname='tds-llm-analysis.s-anand.net' timeout=60.0
2025-11-25 19:46:23,970 - DEBUG - [atrace:87] - start_tls.complete return_value=<httpcore._backends.anyio.AnyIOStream object at 0x10ade2c60>
2025-11-25 19:46:23,970 - DEBUG - [atrace:87] - send_request_headers.started request=<Request [b'GET']>
2025-11-25 19:46:23,970 - DEBUG - [atrace:87] - send_request_headers.complete
2025-11-25 19:46:23,970 - DEBUG - [atrace:87] - send_request_body.started request=<Request [b'GET']>
2025-11-25 19:46:23,970 - DEBUG - [atrace:87] - send_request_body.complete
2025-11-25 19:46:23,970 - DEBUG - [atrace:87] - receive_response_headers.started request=<Request [b'GET']>
2025-11-25 19:46:23,991 - DEBUG - [atrace:87] - receive_response_headers.complete return_value=(b'HTTP/1.1', 200, b'OK', [(b'Date', b'Tue, 25 Nov 2025 14:16:23 GMT'), (b'Content-Type', b'text/csv'), (b'Content-Length', b'5886'), (b'Connection', b'keep-alive'), (b'CF-Cache-Status', b'HIT'), (b'Cache-Control', b'public, max-age=0, must-revalidate'), (b'ETag', b'"f2ee98d446192ace60a31775a0d8322c"'), (b'Vary', b'accept-encoding'), (b'Report-To', b'{"group":"cf-nel","max_age":604800,"endpoints":[{"url":"https://a.nel.cloudflare.com/report/v4?s=R2H%2BsT%2BE66Z71jIOxMvraBO6pKZ0KG1tHwtYut7pU%2BsdA4Wuk2nd27W9twlyuDxa1gksyA1jDYJCkkIMA4CA%2B2SQkEFMlMTAFE6R%2FtUJmZo7LkMNnlQbBr7WQOs%3D"}]}'), (b'Nel', b'{"report_to":"cf-nel","success_fraction":0.0,"max_age":604800}'), (b'Server', b'cloudflare'), (b'CF-RAY', b'9a41c37dcc484e88-DEL'), (b'alt-svc', b'h3=":443"; ma=86400')])
2025-11-25 19:46:23,991 - DEBUG - [atrace:87] - receive_response_body.started request=<Request [b'GET']>
2025-11-25 19:46:23,991 - DEBUG - [atrace:87] - receive_response_body.complete
2025-11-25 19:46:23,991 - DEBUG - [atrace:87] - response_closed.started
2025-11-25 19:46:23,991 - DEBUG - [atrace:87] - response_closed.complete
2025-11-25 19:46:23,991 - DEBUG - [atrace:87] - close.started
2025-11-25 19:46:23,991 - DEBUG - [atrace:87] - close.complete
2025-11-25 19:46:23,991 - DEBUG - [download_and_process_file:522] - [FILE] Downloaded 5886 bytes
2025-11-25 19:46:23,992 - DEBUG - [download_and_process_file:528] - [FILE] Processing csv file
2025-11-25 19:46:36,528 - INFO - [download_and_process_file:550] - [FILE] CSV: (999, 1)
2025-11-25 19:46:36,531 - INFO - [perform_step:683] - [PERFORM] File download and processing successful
2025-11-25 19:46:36,531 - INFO - [perform_step:615] - [PERFORM] Executing: compute -> None
2025-11-25 19:46:36,531 - INFO - [perform_step:694] - [PERFORM] Compute action (will handle in solve phase)
2025-11-25 19:46:36,531 - DEBUG - [process_quiz:908] - [QUIZ] Step 5: Second LLM call - Solving phase
2025-11-25 19:46:36,531 - INFO - [llm_solve:702] - [LLM_SOLVE] ========== PHASE 2: SOLVING QUIZ ==========
2025-11-25 19:46:36,531 - INFO - [llm_solve:703] - [LLM_SOLVE] Sending all data to Gemini for solving...
2025-11-25 19:46:36,531 - INFO - [llm_solve:779] - [LLM_SOLVE] Calling Gemini 2.5 Pro with 4000 tokens...
2025-11-25 19:46:36,531 - DEBUG - [call_llm_gemini:328] - [GEMINI] Calling API with max_tokens=4000
2025-11-25 19:46:36,531 - DEBUG - [call_llm_gemini:354] - [GEMINI] Attempt 1/6
2025-11-25 19:46:36,531 - INFO - [call_llm_gemini:355] - [GEMINI] ⏳ Sending request to Gemini 2.5 Pro...
2025-11-25 19:46:36,531 - INFO - [call_llm_gemini:364] - [GEMINI] ⏳ WAITING FOR GEMINI TO ANALYZE AND RESPOND...
2025-11-25 19:47:12,553 - INFO - [call_llm_gemini:367] - [GEMINI] ✓ Received response from Gemini
2025-11-25 19:47:12,555 - WARNING - [call_llm_gemini:450] - [GEMINI] Error: ValueError: Invalid operation: The `response.text` quick accessor requires the response to contain a valid `Part`, but none were returned. The candidate's [finish_reason](https://ai.google.dev/api/generate-content#finishreason) is 2.
2025-11-25 19:47:12,555 - WARNING - [call_llm_gemini:451] - [GEMINI] Retry 1/5 after 2s
2025-11-25 19:47:14,556 - DEBUG - [call_llm_gemini:354] - [GEMINI] Attempt 2/6
2025-11-25 19:47:14,556 - INFO - [call_llm_gemini:355] - [GEMINI] ⏳ Sending request to Gemini 2.5 Pro...
2025-11-25 19:47:14,557 - INFO - [call_llm_gemini:364] - [GEMINI] ⏳ WAITING FOR GEMINI TO ANALYZE AND RESPOND...
2025-11-25 19:47:50,130 - INFO - [call_llm_gemini:367] - [GEMINI] ✓ Received response from Gemini
2025-11-25 19:47:50,131 - WARNING - [call_llm_gemini:450] - [GEMINI] Error: ValueError: Invalid operation: The `response.text` quick accessor requires the response to contain a valid `Part`, but none were returned. The candidate's [finish_reason](https://ai.google.dev/api/generate-content#finishreason) is 2.
2025-11-25 19:47:50,131 - WARNING - [call_llm_gemini:451] - [GEMINI] Retry 2/5 after 4s
2025-11-25 19:47:54,131 - DEBUG - [call_llm_gemini:354] - [GEMINI] Attempt 3/6
2025-11-25 19:47:54,132 - INFO - [call_llm_gemini:355] - [GEMINI] ⏳ Sending request to Gemini 2.5 Pro...
2025-11-25 19:47:54,132 - INFO - [call_llm_gemini:364] - [GEMINI] ⏳ WAITING FOR GEMINI TO ANALYZE AND RESPOND...
2025-11-25 19:48:26,898 - INFO - [call_llm_gemini:367] - [GEMINI] ✓ Received response from Gemini
2025-11-25 19:48:26,900 - WARNING - [call_llm_gemini:450] - [GEMINI] Error: ValueError: Invalid operation: The `response.text` quick accessor requires the response to contain a valid `Part`, but none were returned. The candidate's [finish_reason](https://ai.google.dev/api/generate-content#finishreason) is 2.
2025-11-25 19:48:26,900 - WARNING - [call_llm_gemini:451] - [GEMINI] Retry 3/5 after 8s
2025-11-25 19:48:34,901 - DEBUG - [call_llm_gemini:354] - [GEMINI] Attempt 4/6
2025-11-25 19:48:34,902 - INFO - [call_llm_gemini:355] - [GEMINI] ⏳ Sending request to Gemini 2.5 Pro...
2025-11-25 19:48:34,903 - INFO - [call_llm_gemini:364] - [GEMINI] ⏳ WAITING FOR GEMINI TO ANALYZE AND RESPOND...
2025-11-25 19:48:51,398 - INFO - [shutdown:264] - Shutting down
2025-11-25 19:48:51,501 - INFO - [_wait_tasks_to_complete:306] - Waiting for background tasks to complete. (CTRL+C to force quit)
2025-11-25 19:48:54,436 - INFO - [_serve:94] - Finished server process [34197]
2025-11-25 19:48:54,451 - ERROR - [send:134] - Traceback (most recent call last):
  File "/opt/homebrew/Cellar/python@3.14/3.14.0/Frameworks/Python.framework/Versions/3.14/lib/python3.14/asyncio/runners.py", line 204, in run
    return runner.run(main)
           ~~~~~~~~~~^^^^^^
  File "/opt/homebrew/Cellar/python@3.14/3.14.0/Frameworks/Python.framework/Versions/3.14/lib/python3.14/asyncio/runners.py", line 127, in run
    return self._loop.run_until_complete(task)
           ~~~~~~~~~~~~~~~~~~~~~~~~~~~~~^^^^^^
  File "/opt/homebrew/Cellar/python@3.14/3.14.0/Frameworks/Python.framework/Versions/3.14/lib/python3.14/asyncio/base_events.py", line 706, in run_until_complete
    self.run_forever()
    ~~~~~~~~~~~~~~~~^^
  File "/opt/homebrew/Cellar/python@3.14/3.14.0/Frameworks/Python.framework/Versions/3.14/lib/python3.14/asyncio/base_events.py", line 677, in run_forever
    self._run_once()
    ~~~~~~~~~~~~~~^^
  File "/opt/homebrew/Cellar/python@3.14/3.14.0/Frameworks/Python.framework/Versions/3.14/lib/python3.14/asyncio/base_events.py", line 2046, in _run_once
    handle._run()
    ~~~~~~~~~~~^^
  File "/opt/homebrew/Cellar/python@3.14/3.14.0/Frameworks/Python.framework/Versions/3.14/lib/python3.14/asyncio/events.py", line 94, in _run
    self._context.run(self._callback, *self._args)
    ~~~~~~~~~~~~~~~~~^^^^^^^^^^^^^^^^^^^^^^^^^^^^^
  File "/Users/goldenmehmood/.cache/uv/environments-v2/rec-req-52b8bfcfd2afe510/lib/python3.14/site-packages/uvicorn/server.py", line 70, in serve
    with self.capture_signals():
         ~~~~~~~~~~~~~~~~~~~~^^
  File "/opt/homebrew/Cellar/python@3.14/3.14.0/Frameworks/Python.framework/Versions/3.14/lib/python3.14/contextlib.py", line 148, in __exit__
    next(self.gen)
    ~~~~^^^^^^^^^^
  File "/Users/goldenmehmood/.cache/uv/environments-v2/rec-req-52b8bfcfd2afe510/lib/python3.14/site-packages/uvicorn/server.py", line 331, in capture_signals
    signal.raise_signal(captured_signal)
    ~~~~~~~~~~~~~~~~~~~^^^^^^^^^^^^^^^^^
  File "/opt/homebrew/Cellar/python@3.14/3.14.0/Frameworks/Python.framework/Versions/3.14/lib/python3.14/asyncio/runners.py", line 166, in _on_sigint
    raise KeyboardInterrupt()
KeyboardInterrupt

During handling of the above exception, another exception occurred:

Traceback (most recent call last):
  File "/Users/goldenmehmood/.cache/uv/environments-v2/rec-req-52b8bfcfd2afe510/lib/python3.14/site-packages/starlette/routing.py", line 701, in lifespan
    await receive()
  File "/Users/goldenmehmood/.cache/uv/environments-v2/rec-req-52b8bfcfd2afe510/lib/python3.14/site-packages/uvicorn/lifespan/on.py", line 137, in receive
    return await self.receive_queue.get()
           ^^^^^^^^^^^^^^^^^^^^^^^^^^^^^^
  File "/opt/homebrew/Cellar/python@3.14/3.14.0/Frameworks/Python.framework/Versions/3.14/lib/python3.14/asyncio/queues.py", line 186, in get
    await getter
asyncio.exceptions.CancelledError

2025-11-25 19:48:54,452 - ERROR - [run_asgi:408] - Exception in ASGI application
Traceback (most recent call last):
  File "/opt/homebrew/Cellar/python@3.14/3.14.0/Frameworks/Python.framework/Versions/3.14/lib/python3.14/asyncio/runners.py", line 204, in run
    return runner.run(main)
           ~~~~~~~~~~^^^^^^
  File "/opt/homebrew/Cellar/python@3.14/3.14.0/Frameworks/Python.framework/Versions/3.14/lib/python3.14/asyncio/runners.py", line 127, in run
    return self._loop.run_until_complete(task)
           ~~~~~~~~~~~~~~~~~~~~~~~~~~~~~^^^^^^
  File "/opt/homebrew/Cellar/python@3.14/3.14.0/Frameworks/Python.framework/Versions/3.14/lib/python3.14/asyncio/base_events.py", line 706, in run_until_complete
    self.run_forever()
    ~~~~~~~~~~~~~~~~^^
  File "/opt/homebrew/Cellar/python@3.14/3.14.0/Frameworks/Python.framework/Versions/3.14/lib/python3.14/asyncio/base_events.py", line 677, in run_forever
    self._run_once()
    ~~~~~~~~~~~~~~^^
  File "/opt/homebrew/Cellar/python@3.14/3.14.0/Frameworks/Python.framework/Versions/3.14/lib/python3.14/asyncio/base_events.py", line 2046, in _run_once
    handle._run()
    ~~~~~~~~~~~^^
  File "/opt/homebrew/Cellar/python@3.14/3.14.0/Frameworks/Python.framework/Versions/3.14/lib/python3.14/asyncio/events.py", line 94, in _run
    self._context.run(self._callback, *self._args)
    ~~~~~~~~~~~~~~~~~^^^^^^^^^^^^^^^^^^^^^^^^^^^^^
  File "/Users/goldenmehmood/.cache/uv/environments-v2/rec-req-52b8bfcfd2afe510/lib/python3.14/site-packages/uvicorn/server.py", line 70, in serve
    with self.capture_signals():
         ~~~~~~~~~~~~~~~~~~~~^^
  File "/opt/homebrew/Cellar/python@3.14/3.14.0/Frameworks/Python.framework/Versions/3.14/lib/python3.14/contextlib.py", line 148, in __exit__
    next(self.gen)
    ~~~~^^^^^^^^^^
  File "/Users/goldenmehmood/.cache/uv/environments-v2/rec-req-52b8bfcfd2afe510/lib/python3.14/site-packages/uvicorn/server.py", line 331, in capture_signals
    signal.raise_signal(captured_signal)
    ~~~~~~~~~~~~~~~~~~~^^^^^^^^^^^^^^^^^
  File "/opt/homebrew/Cellar/python@3.14/3.14.0/Frameworks/Python.framework/Versions/3.14/lib/python3.14/asyncio/runners.py", line 166, in _on_sigint
    raise KeyboardInterrupt()
KeyboardInterrupt

During handling of the above exception, another exception occurred:

Traceback (most recent call last):
  File "/Users/goldenmehmood/.cache/uv/environments-v2/rec-req-52b8bfcfd2afe510/lib/python3.14/site-packages/uvicorn/protocols/http/h11_impl.py", line 403, in run_asgi
    result = await app(  # type: ignore[func-returns-value]
             ^^^^^^^^^^^^^^^^^^^^^^^^^^^^^^^^^^^^^^^^^^^^^^
        self.scope, self.receive, self.send
        ^^^^^^^^^^^^^^^^^^^^^^^^^^^^^^^^^^^
    )
    ^
  File "/Users/goldenmehmood/.cache/uv/environments-v2/rec-req-52b8bfcfd2afe510/lib/python3.14/site-packages/uvicorn/middleware/proxy_headers.py", line 60, in __call__
    return await self.app(scope, receive, send)
           ^^^^^^^^^^^^^^^^^^^^^^^^^^^^^^^^^^^^
  File "/Users/goldenmehmood/.cache/uv/environments-v2/rec-req-52b8bfcfd2afe510/lib/python3.14/site-packages/fastapi/applications.py", line 1134, in __call__
    await super().__call__(scope, receive, send)
  File "/Users/goldenmehmood/.cache/uv/environments-v2/rec-req-52b8bfcfd2afe510/lib/python3.14/site-packages/starlette/applications.py", line 107, in __call__
    await self.middleware_stack(scope, receive, send)
  File "/Users/goldenmehmood/.cache/uv/environments-v2/rec-req-52b8bfcfd2afe510/lib/python3.14/site-packages/starlette/middleware/errors.py", line 164, in __call__
    await self.app(scope, receive, _send)
  File "/Users/goldenmehmood/.cache/uv/environments-v2/rec-req-52b8bfcfd2afe510/lib/python3.14/site-packages/starlette/middleware/exceptions.py", line 63, in __call__
    await wrap_app_handling_exceptions(self.app, conn)(scope, receive, send)
  File "/Users/goldenmehmood/.cache/uv/environments-v2/rec-req-52b8bfcfd2afe510/lib/python3.14/site-packages/starlette/_exception_handler.py", line 42, in wrapped_app
    await app(scope, receive, sender)
  File "/Users/goldenmehmood/.cache/uv/environments-v2/rec-req-52b8bfcfd2afe510/lib/python3.14/site-packages/fastapi/middleware/asyncexitstack.py", line 18, in __call__
    await self.app(scope, receive, send)
  File "/Users/goldenmehmood/.cache/uv/environments-v2/rec-req-52b8bfcfd2afe510/lib/python3.14/site-packages/starlette/routing.py", line 716, in __call__
    await self.middleware_stack(scope, receive, send)
  File "/Users/goldenmehmood/.cache/uv/environments-v2/rec-req-52b8bfcfd2afe510/lib/python3.14/site-packages/starlette/routing.py", line 736, in app
    await route.handle(scope, receive, send)
  File "/Users/goldenmehmood/.cache/uv/environments-v2/rec-req-52b8bfcfd2afe510/lib/python3.14/site-packages/starlette/routing.py", line 290, in handle
    await self.app(scope, receive, send)
  File "/Users/goldenmehmood/.cache/uv/environments-v2/rec-req-52b8bfcfd2afe510/lib/python3.14/site-packages/fastapi/routing.py", line 125, in app
    await wrap_app_handling_exceptions(app, request)(scope, receive, send)
  File "/Users/goldenmehmood/.cache/uv/environments-v2/rec-req-52b8bfcfd2afe510/lib/python3.14/site-packages/starlette/_exception_handler.py", line 42, in wrapped_app
    await app(scope, receive, sender)
  File "/Users/goldenmehmood/.cache/uv/environments-v2/rec-req-52b8bfcfd2afe510/lib/python3.14/site-packages/fastapi/routing.py", line 112, in app
    await response(scope, receive, send)
  File "/Users/goldenmehmood/.cache/uv/environments-v2/rec-req-52b8bfcfd2afe510/lib/python3.14/site-packages/starlette/responses.py", line 167, in __call__
    await self.background()
  File "/Users/goldenmehmood/.cache/uv/environments-v2/rec-req-52b8bfcfd2afe510/lib/python3.14/site-packages/starlette/background.py", line 36, in __call__
    await task()
  File "/Users/goldenmehmood/.cache/uv/environments-v2/rec-req-52b8bfcfd2afe510/lib/python3.14/site-packages/starlette/background.py", line 21, in __call__
    await self.func(*self.args, **self.kwargs)
  File "/Users/goldenmehmood/Documents/iitmwork/tds/tdsproj2gitted/tdsproject2/rec_req.py", line 960, in process_request
    success, next_url = await process_quiz(current_url, email, secret, BASE_URL)
                        ^^^^^^^^^^^^^^^^^^^^^^^^^^^^^^^^^^^^^^^^^^^^^^^^^^^^^^^^
  File "/Users/goldenmehmood/Documents/iitmwork/tds/tdsproj2gitted/tdsproject2/rec_req.py", line 909, in process_quiz
    solution = await llm_solve(data, understanding, context)
               ^^^^^^^^^^^^^^^^^^^^^^^^^^^^^^^^^^^^^^^^^^^^^
  File "/Users/goldenmehmood/Documents/iitmwork/tds/tdsproj2gitted/tdsproject2/rec_req.py", line 780, in llm_solve
    result = await call_llm_gemini(prompt, system_instruction, max_tokens=4000)
             ^^^^^^^^^^^^^^^^^^^^^^^^^^^^^^^^^^^^^^^^^^^^^^^^^^^^^^^^^^^^^^^^^^
  File "/Users/goldenmehmood/Documents/iitmwork/tds/tdsproj2gitted/tdsproject2/rec_req.py", line 365, in call_llm_gemini
    response = await asyncio.to_thread(model.generate_content, prompt)
               ^^^^^^^^^^^^^^^^^^^^^^^^^^^^^^^^^^^^^^^^^^^^^^^^^^^^^^^
  File "/opt/homebrew/Cellar/python@3.14/3.14.0/Frameworks/Python.framework/Versions/3.14/lib/python3.14/asyncio/threads.py", line 25, in to_thread
    return await loop.run_in_executor(None, func_call)
           ^^^^^^^^^^^^^^^^^^^^^^^^^^^^^^^^^^^^^^^^^^^
asyncio.exceptions.CancelledError
