2025-11-25 19:49:09,659 - INFO - [<module>:57] - [INIT] Gemini API configured successfully
2025-11-25 19:49:09,676 - INFO - [<module>:1031] - [START] Quiz Solver Service v6 - Gemini Edition
2025-11-25 19:49:09,676 - INFO - [<module>:1032] - [START] GEMINI_API_KEY configured: True
2025-11-25 19:49:09,676 - INFO - [<module>:1033] - [START] SECRET_KEY configured: True
2025-11-25 19:49:09,676 - INFO - [<module>:1034] - [START] LLM Provider: Google Gemini 2.5 Pro
2025-11-25 19:49:09,676 - INFO - [<module>:1035] - [START] Rate Limits: 15 req/min, 1M tokens/min, 1500 req/day
2025-11-25 19:49:09,676 - DEBUG - [__init__:64] - Using selector: KqueueSelector
2025-11-25 19:49:09,685 - INFO - [_serve:84] - Started server process [35414]
2025-11-25 19:49:09,685 - INFO - [startup:48] - Waiting for application startup.
2025-11-25 19:49:09,685 - INFO - [startup:62] - Application startup complete.
2025-11-25 19:49:09,686 - INFO - [_log_started_message:216] - Uvicorn running on http://127.0.0.1:8000 (Press CTRL+C to quit)
2025-11-25 19:49:15,208 - INFO - [receive_request:983] - [API] POST /receive_request
2025-11-25 19:49:15,208 - INFO - [receive_request:1001] - [API] Valid request for 23f2000524@ds.study.iitm.ac.in
2025-11-25 19:49:15,209 - INFO - [send:473] - 127.0.0.1:60055 - "POST /receive_request HTTP/1.1" 200
2025-11-25 19:49:15,209 - INFO - [process_request:936] - 
======================================================================
2025-11-25 19:49:15,209 - INFO - [process_request:937] - [CHAIN] Starting for 23f2000524@ds.study.iitm.ac.in
2025-11-25 19:49:15,209 - INFO - [process_request:938] - [CHAIN] Initial URL: http://tds-llm-analysis.s-anand.net/demo
2025-11-25 19:49:15,209 - INFO - [process_request:939] - [CHAIN] Extended timeout: 300 seconds (5 minutes)
2025-11-25 19:49:15,209 - INFO - [process_request:940] - [CHAIN] Using Gemini 2.5 Pro
2025-11-25 19:49:15,209 - INFO - [process_request:941] - ======================================================================

2025-11-25 19:49:15,209 - INFO - [process_request:957] - [CHAIN] Quiz 1/10 | 0.0s elapsed | 300.0s remaining
2025-11-25 19:49:15,209 - INFO - [process_quiz:872] - [QUIZ] Starting: http://tds-llm-analysis.s-anand.net/demo
2025-11-25 19:49:15,209 - DEBUG - [extract_url_params:78] - [CONTEXT] Extracted variables: {'EMAIL': '23f2000524@ds.study.iitm.ac.in'}
2025-11-25 19:49:15,209 - DEBUG - [process_quiz:877] - [QUIZ] Step 1: Fetch page
2025-11-25 19:49:15,209 - INFO - [fetch_page:132] - [FETCH] Starting fetch: http://tds-llm-analysis.s-anand.net/demo
2025-11-25 19:49:15,209 - DEBUG - [fetch_page:138] - [FETCH] Attempting static fetch
2025-11-25 19:49:15,247 - DEBUG - [atrace:87] - connect_tcp.started host='tds-llm-analysis.s-anand.net' port=80 local_address=None timeout=30.0 socket_options=None
2025-11-25 19:49:15,268 - DEBUG - [atrace:87] - connect_tcp.complete return_value=<httpcore._backends.anyio.AnyIOStream object at 0x106ab6f90>
2025-11-25 19:49:15,268 - DEBUG - [atrace:87] - send_request_headers.started request=<Request [b'GET']>
2025-11-25 19:49:15,268 - DEBUG - [atrace:87] - send_request_headers.complete
2025-11-25 19:49:15,268 - DEBUG - [atrace:87] - send_request_body.started request=<Request [b'GET']>
2025-11-25 19:49:15,269 - DEBUG - [atrace:87] - send_request_body.complete
2025-11-25 19:49:15,269 - DEBUG - [atrace:87] - receive_response_headers.started request=<Request [b'GET']>
2025-11-25 19:49:15,283 - DEBUG - [atrace:87] - receive_response_headers.complete return_value=(b'HTTP/1.1', 200, b'OK', [(b'Date', b'Tue, 25 Nov 2025 14:19:15 GMT'), (b'Content-Type', b'text/html'), (b'Transfer-Encoding', b'chunked'), (b'Connection', b'keep-alive'), (b'CF-Cache-Status', b'HIT'), (b'Cache-Control', b'public, max-age=0, must-revalidate'), (b'Nel', b'{"report_to":"cf-nel","success_fraction":0.0,"max_age":604800}'), (b'Vary', b'accept-encoding'), (b'Report-To', b'{"group":"cf-nel","max_age":604800,"endpoints":[{"url":"https://a.nel.cloudflare.com/report/v4?s=n5DMb1Qg3BjO4r6DqgnSn8WKdN4PS1ygCSPTGrqPlZhmYmnTbHL8pzZIvpsXJm0o1pwtIZk8erfSaMV13XmCIT%2FWKX4BLXsVu5y6H4eDykO7XNC1uSXh02IpJzU%3D"}]}'), (b'ETag', b'W/"ce08b59240a57c2e963ec19952224928"'), (b'Content-Encoding', b'gzip'), (b'Server', b'cloudflare'), (b'CF-RAY', b'9a41c7ac6f04d14f-DEL'), (b'alt-svc', b'h3=":443"; ma=86400')])
2025-11-25 19:49:15,284 - DEBUG - [atrace:87] - receive_response_body.started request=<Request [b'GET']>
2025-11-25 19:49:15,284 - DEBUG - [atrace:87] - receive_response_body.complete
2025-11-25 19:49:15,284 - DEBUG - [atrace:87] - response_closed.started
2025-11-25 19:49:15,284 - DEBUG - [atrace:87] - response_closed.complete
2025-11-25 19:49:15,284 - DEBUG - [atrace:87] - close.started
2025-11-25 19:49:15,284 - DEBUG - [atrace:87] - close.complete
2025-11-25 19:49:15,284 - DEBUG - [fetch_page:143] - [FETCH] Static fetch successful: 336 bytes
2025-11-25 19:49:15,284 - DEBUG - [detect_dynamic_content:107] - [DETECT] Checking for dynamic content
2025-11-25 19:49:15,285 - DEBUG - [process_quiz:883] - [QUIZ] Step 2: Extract data
2025-11-25 19:49:15,285 - INFO - [extract_data:239] - [EXTRACT] Parsing page data
2025-11-25 19:49:15,285 - DEBUG - [extract_data:268] - [EXTRACT] Found 0 links
2025-11-25 19:49:15,285 - DEBUG - [extract_data:282] - [EXTRACT] Found 0 tables
2025-11-25 19:49:15,285 - DEBUG - [extract_data:302] - [EXTRACT] Found 0 forms
2025-11-25 19:49:15,285 - DEBUG - [extract_base64_content:202] - [EXTRACT] Searching for base64 encoded content
2025-11-25 19:49:15,285 - DEBUG - [extract_file_metadata:217] - [EXTRACT] Extracting file metadata
2025-11-25 19:49:15,286 - DEBUG - [extract_data:311] - [EXTRACT] Found 0 files
2025-11-25 19:49:15,286 - DEBUG - [process_quiz:886] - [QUIZ] Step 3: First LLM call - Understanding phase
2025-11-25 19:49:15,286 - INFO - [llm_understand:459] - [LLM_UNDERSTAND] ========== PHASE 1: UNDERSTANDING QUIZ ==========
2025-11-25 19:49:15,286 - INFO - [llm_understand:460] - [LLM_UNDERSTAND] Sending data to Gemini for analysis...
2025-11-25 19:49:15,286 - INFO - [llm_understand:502] - [LLM_UNDERSTAND] Calling Gemini 2.5 Pro with 4000 tokens...
2025-11-25 19:49:15,286 - DEBUG - [call_llm_gemini:328] - [GEMINI] Calling API with max_tokens=4000
2025-11-25 19:49:15,286 - DEBUG - [call_llm_gemini:354] - [GEMINI] Attempt 1/6
2025-11-25 19:49:15,286 - INFO - [call_llm_gemini:355] - [GEMINI] ⏳ Sending request to Gemini 2.5 Pro...
2025-11-25 19:49:15,286 - INFO - [call_llm_gemini:364] - [GEMINI] ⏳ WAITING FOR GEMINI TO ANALYZE AND RESPOND...
2025-11-25 19:49:53,159 - INFO - [call_llm_gemini:367] - [GEMINI] ✓ Received response from Gemini
2025-11-25 19:49:53,160 - DEBUG - [call_llm_gemini:380] - [GEMINI] Response content length: 750 chars
2025-11-25 19:49:53,160 - INFO - [call_llm_gemini:381] - [GEMINI] Response (first 300 chars): ```json
{
  "understanding": "The quiz requires me to construct a JSON object and send it via an HTTP POST request to the `/submit` endpoint of the server `http://tds-llm-analysis.s-anand.net`. The JSON object must contain four key-value pairs. The value for the 'email' key must be the one provided 
2025-11-25 19:49:53,160 - DEBUG - [call_llm_gemini:386] - [GEMINI] Removed markdown code blocks
2025-11-25 19:49:53,160 - DEBUG - [call_llm_gemini:392] - [GEMINI] Attempting to parse JSON response
2025-11-25 19:49:53,160 - INFO - [call_llm_gemini:394] - [GEMINI] ✓ Successfully parsed JSON response
2025-11-25 19:49:53,160 - DEBUG - [call_llm_gemini:395] - [GEMINI] Parsed keys: ['understanding', 'needed_steps', 'final_required_action']
2025-11-25 19:49:53,160 - INFO - [llm_understand:506] - [LLM_UNDERSTAND] ✓ Understanding: The quiz requires me to construct a JSON object and send it via an HTTP POST request to the `/submit` endpoint of the server `http://tds-llm-analysis.
2025-11-25 19:49:53,160 - INFO - [llm_understand:507] - [LLM_UNDERSTAND] Required steps: 0 steps identified
2025-11-25 19:49:53,160 - INFO - [llm_understand:508] - [LLM_UNDERSTAND] ========== UNDERSTANDING PHASE COMPLETE ==========
2025-11-25 19:49:53,161 - DEBUG - [process_quiz:892] - [QUIZ] Step 4: Perform steps if needed
2025-11-25 19:49:53,161 - DEBUG - [process_quiz:908] - [QUIZ] Step 5: Second LLM call - Solving phase
2025-11-25 19:49:53,161 - INFO - [llm_solve:702] - [LLM_SOLVE] ========== PHASE 2: SOLVING QUIZ ==========
2025-11-25 19:49:53,161 - INFO - [llm_solve:703] - [LLM_SOLVE] Sending all data to Gemini for solving...
2025-11-25 19:49:53,161 - INFO - [llm_solve:779] - [LLM_SOLVE] Calling Gemini 2.5 Pro with 4000 tokens...
2025-11-25 19:49:53,161 - DEBUG - [call_llm_gemini:328] - [GEMINI] Calling API with max_tokens=4000
2025-11-25 19:49:53,161 - DEBUG - [call_llm_gemini:354] - [GEMINI] Attempt 1/6
2025-11-25 19:49:53,161 - INFO - [call_llm_gemini:355] - [GEMINI] ⏳ Sending request to Gemini 2.5 Pro...
2025-11-25 19:49:53,161 - INFO - [call_llm_gemini:364] - [GEMINI] ⏳ WAITING FOR GEMINI TO ANALYZE AND RESPOND...
2025-11-25 19:50:10,732 - INFO - [call_llm_gemini:367] - [GEMINI] ✓ Received response from Gemini
2025-11-25 19:50:10,732 - DEBUG - [call_llm_gemini:380] - [GEMINI] Response content length: 2159 chars
2025-11-25 19:50:10,732 - INFO - [call_llm_gemini:381] - [GEMINI] Response (first 300 chars): ```json
{
  "analysis": "The user wants me to solve a quiz that requires constructing a JSON object. The instructions are provided in the `visible_text` of the webpage.\n\n1.  **Identify the Goal:** The goal is to create a JSON object and POST it to the `/submit` endpoint. The `visible_text` provide
2025-11-25 19:50:10,733 - DEBUG - [call_llm_gemini:386] - [GEMINI] Removed markdown code blocks
2025-11-25 19:50:10,733 - DEBUG - [call_llm_gemini:392] - [GEMINI] Attempting to parse JSON response
2025-11-25 19:50:10,733 - INFO - [call_llm_gemini:394] - [GEMINI] ✓ Successfully parsed JSON response
2025-11-25 19:50:10,733 - DEBUG - [call_llm_gemini:395] - [GEMINI] Parsed keys: ['analysis', 'answer', 'confidence', 'reasoning', 'requires_navigation']
2025-11-25 19:50:10,733 - INFO - [llm_solve:806] - [LLM_SOLVE] ✓ Final answer determined: {'email': '23f2000524@ds.study.iitm.ac.in', 'secret': '23f2000524', 'url': '/demo', 'answer': 'anything you want'}
2025-11-25 19:50:10,734 - INFO - [llm_solve:807] - [LLM_SOLVE] Confidence: 1.0
2025-11-25 19:50:10,734 - INFO - [llm_solve:808] - [LLM_SOLVE] Analysis: The user wants me to solve a quiz that requires constructing a JSON object. The instructions are provided in the `visible_text` of the webpage.

1.  **Identify the Goal:** The goal is to create a JSON
2025-11-25 19:50:10,734 - INFO - [llm_solve:809] - [LLM_SOLVE] ========== SOLVING PHASE COMPLETE ==========
2025-11-25 19:50:10,734 - DEBUG - [process_quiz:919] - [QUIZ] Step 6: Submit answer
2025-11-25 19:50:10,734 - INFO - [submit_answer:813] - [SUBMIT] Posting answer to https://tds-llm-analysis.s-anand.net/submit
2025-11-25 19:50:10,734 - DEBUG - [submit_answer:817] - [SUBMIT] Answer is dict with keys: dict_keys(['email', 'secret', 'url', 'answer'])
2025-11-25 19:50:10,734 - INFO - [submit_answer:819] - [SUBMIT] Extracting 'answer' field from dict
2025-11-25 19:50:10,734 - INFO - [submit_answer:834] - [SUBMIT] Payload preview: email=23f2000524@ds.study.iitm.ac.in, url=http://tds-llm-analysis.s-anand.net/demo, answer=anything you want
2025-11-25 19:50:10,734 - DEBUG - [submit_answer:835] - [SUBMIT] Secret used: secre...
2025-11-25 19:50:10,756 - DEBUG - [atrace:87] - connect_tcp.started host='tds-llm-analysis.s-anand.net' port=443 local_address=None timeout=30.0 socket_options=None
2025-11-25 19:50:10,769 - DEBUG - [atrace:87] - connect_tcp.complete return_value=<httpcore._backends.anyio.AnyIOStream object at 0x106f0d590>
2025-11-25 19:50:10,770 - DEBUG - [atrace:87] - start_tls.started ssl_context=<ssl.SSLContext object at 0x104a39f30> server_hostname='tds-llm-analysis.s-anand.net' timeout=30.0
2025-11-25 19:50:10,782 - DEBUG - [atrace:87] - start_tls.complete return_value=<httpcore._backends.anyio.AnyIOStream object at 0x106f0d6d0>
2025-11-25 19:50:10,783 - DEBUG - [atrace:87] - send_request_headers.started request=<Request [b'POST']>
2025-11-25 19:50:10,783 - DEBUG - [atrace:87] - send_request_headers.complete
2025-11-25 19:50:10,783 - DEBUG - [atrace:87] - send_request_body.started request=<Request [b'POST']>
2025-11-25 19:50:10,783 - DEBUG - [atrace:87] - send_request_body.complete
2025-11-25 19:50:10,784 - DEBUG - [atrace:87] - receive_response_headers.started request=<Request [b'POST']>
2025-11-25 19:50:11,036 - DEBUG - [atrace:87] - receive_response_headers.complete return_value=(b'HTTP/1.1', 200, b'OK', [(b'Date', b'Tue, 25 Nov 2025 14:20:11 GMT'), (b'Content-Type', b'application/json'), (b'Transfer-Encoding', b'chunked'), (b'Connection', b'keep-alive'), (b'Vary', b'accept-encoding'), (b'Report-To', b'{"group":"cf-nel","max_age":604800,"endpoints":[{"url":"https://a.nel.cloudflare.com/report/v4?s=eSG3ZK8cz0JIlPO%2BgTsoajQWY0OVpxtI8dsh%2BaQCbE7Hq6BmeiPnU2enTNiM7EkbdaNspi3iWR9V0XT0q6NabiI2r5%2FUi8GE89AQHpHg6JFyrhVZq0JX5LzHaFo%3D"}]}'), (b'Nel', b'{"report_to":"cf-nel","success_fraction":0.0,"max_age":604800}'), (b'Content-Encoding', b'gzip'), (b'Server', b'cloudflare'), (b'CF-RAY', b'9a41c90759909cd9-DEL'), (b'alt-svc', b'h3=":443"; ma=86400')])
2025-11-25 19:50:11,038 - DEBUG - [atrace:87] - receive_response_body.started request=<Request [b'POST']>
2025-11-25 19:50:11,038 - DEBUG - [atrace:87] - receive_response_body.complete
2025-11-25 19:50:11,039 - DEBUG - [atrace:87] - response_closed.started
2025-11-25 19:50:11,039 - DEBUG - [atrace:87] - response_closed.complete
2025-11-25 19:50:11,039 - DEBUG - [atrace:87] - close.started
2025-11-25 19:50:11,040 - DEBUG - [atrace:87] - close.complete
2025-11-25 19:50:11,040 - INFO - [submit_answer:853] - [SUBMIT] ✓ CORRECT
2025-11-25 19:50:11,040 - INFO - [process_request:957] - [CHAIN] Quiz 2/10 | 55.8s elapsed | 244.2s remaining
2025-11-25 19:50:11,040 - INFO - [process_quiz:872] - [QUIZ] Starting: https://tds-llm-analysis.s-anand.net/demo-scrape?email=23f2000524%40ds.study.iitm.ac.in&id=8633
2025-11-25 19:50:11,041 - DEBUG - [extract_url_params:78] - [CONTEXT] Extracted variables: {'EMAIL': '23f2000524@ds.study.iitm.ac.in', 'email': '23f2000524@ds.study.iitm.ac.in', 'ID': '8633', 'id': '8633'}
2025-11-25 19:50:11,041 - DEBUG - [process_quiz:877] - [QUIZ] Step 1: Fetch page
2025-11-25 19:50:11,041 - INFO - [fetch_page:132] - [FETCH] Starting fetch: https://tds-llm-analysis.s-anand.net/demo-scrape?email=23f2000524%40ds.study.iitm.ac.in&id=8633
2025-11-25 19:50:11,041 - DEBUG - [fetch_page:138] - [FETCH] Attempting static fetch
2025-11-25 19:50:11,059 - DEBUG - [atrace:87] - connect_tcp.started host='tds-llm-analysis.s-anand.net' port=443 local_address=None timeout=30.0 socket_options=None
2025-11-25 19:50:11,068 - DEBUG - [atrace:87] - connect_tcp.complete return_value=<httpcore._backends.anyio.AnyIOStream object at 0x106b60e90>
2025-11-25 19:50:11,069 - DEBUG - [atrace:87] - start_tls.started ssl_context=<ssl.SSLContext object at 0x104a3b930> server_hostname='tds-llm-analysis.s-anand.net' timeout=30.0
2025-11-25 19:50:11,081 - DEBUG - [atrace:87] - start_tls.complete return_value=<httpcore._backends.anyio.AnyIOStream object at 0x106b60fc0>
2025-11-25 19:50:11,081 - DEBUG - [atrace:87] - send_request_headers.started request=<Request [b'GET']>
2025-11-25 19:50:11,082 - DEBUG - [atrace:87] - send_request_headers.complete
2025-11-25 19:50:11,082 - DEBUG - [atrace:87] - send_request_body.started request=<Request [b'GET']>
2025-11-25 19:50:11,082 - DEBUG - [atrace:87] - send_request_body.complete
2025-11-25 19:50:11,082 - DEBUG - [atrace:87] - receive_response_headers.started request=<Request [b'GET']>
2025-11-25 19:50:11,101 - DEBUG - [atrace:87] - receive_response_headers.complete return_value=(b'HTTP/1.1', 200, b'OK', [(b'Date', b'Tue, 25 Nov 2025 14:20:11 GMT'), (b'Content-Type', b'text/html'), (b'Transfer-Encoding', b'chunked'), (b'Connection', b'keep-alive'), (b'CF-Cache-Status', b'HIT'), (b'Cache-Control', b'public, max-age=0, must-revalidate'), (b'Nel', b'{"report_to":"cf-nel","success_fraction":0.0,"max_age":604800}'), (b'Vary', b'accept-encoding'), (b'Report-To', b'{"group":"cf-nel","max_age":604800,"endpoints":[{"url":"https://a.nel.cloudflare.com/report/v4?s=FUOsjplHIKhxjTHZCyoZb7DQUnk0flJ3lWDmCHc1d4PQX3eQW826JHBamnvuptcfYtCR5TG4DV5myMdNBrOQfbkEsVIV5Kp%2FXCiq7a91m5tLMEDsTCRT3QpJC0g%3D"}]}'), (b'ETag', b'W/"504379483bd9ab9550da5301a3521113"'), (b'Content-Encoding', b'gzip'), (b'Server', b'cloudflare'), (b'CF-RAY', b'9a41c909384414c8-DEL'), (b'alt-svc', b'h3=":443"; ma=86400')])
2025-11-25 19:50:11,102 - DEBUG - [atrace:87] - receive_response_body.started request=<Request [b'GET']>
2025-11-25 19:50:11,102 - DEBUG - [atrace:87] - receive_response_body.complete
2025-11-25 19:50:11,102 - DEBUG - [atrace:87] - response_closed.started
2025-11-25 19:50:11,103 - DEBUG - [atrace:87] - response_closed.complete
2025-11-25 19:50:11,103 - DEBUG - [atrace:87] - close.started
2025-11-25 19:50:11,103 - DEBUG - [atrace:87] - close.complete
2025-11-25 19:50:11,103 - DEBUG - [fetch_page:143] - [FETCH] Static fetch successful: 779 bytes
2025-11-25 19:50:11,103 - DEBUG - [detect_dynamic_content:107] - [DETECT] Checking for dynamic content
2025-11-25 19:50:11,104 - DEBUG - [process_quiz:883] - [QUIZ] Step 2: Extract data
2025-11-25 19:50:11,104 - INFO - [extract_data:239] - [EXTRACT] Parsing page data
2025-11-25 19:50:11,104 - DEBUG - [extract_data:268] - [EXTRACT] Found 0 links
2025-11-25 19:50:11,104 - DEBUG - [extract_data:282] - [EXTRACT] Found 0 tables
2025-11-25 19:50:11,104 - DEBUG - [extract_data:302] - [EXTRACT] Found 0 forms
2025-11-25 19:50:11,104 - DEBUG - [extract_base64_content:202] - [EXTRACT] Searching for base64 encoded content
2025-11-25 19:50:11,104 - DEBUG - [extract_base64_content:209] - [EXTRACT] Decoded: Scrape <a href="/demo-scrape-data?email=$EMAIL">/demo-scrape-data?email=$EMAIL</a> (relative to this
2025-11-25 19:50:11,104 - INFO - [extract_data:308] - [EXTRACT] Decoded content length: 338
2025-11-25 19:50:11,104 - DEBUG - [extract_file_metadata:217] - [EXTRACT] Extracting file metadata
2025-11-25 19:50:11,105 - DEBUG - [extract_data:311] - [EXTRACT] Found 0 files
2025-11-25 19:50:11,105 - DEBUG - [process_quiz:886] - [QUIZ] Step 3: First LLM call - Understanding phase
2025-11-25 19:50:11,105 - INFO - [llm_understand:459] - [LLM_UNDERSTAND] ========== PHASE 1: UNDERSTANDING QUIZ ==========
2025-11-25 19:50:11,105 - INFO - [llm_understand:460] - [LLM_UNDERSTAND] Sending data to Gemini for analysis...
2025-11-25 19:50:11,105 - INFO - [llm_understand:502] - [LLM_UNDERSTAND] Calling Gemini 2.5 Pro with 4000 tokens...
2025-11-25 19:50:11,105 - DEBUG - [call_llm_gemini:328] - [GEMINI] Calling API with max_tokens=4000
2025-11-25 19:50:11,105 - DEBUG - [call_llm_gemini:354] - [GEMINI] Attempt 1/6
2025-11-25 19:50:11,105 - INFO - [call_llm_gemini:355] - [GEMINI] ⏳ Sending request to Gemini 2.5 Pro...
2025-11-25 19:50:11,105 - INFO - [call_llm_gemini:364] - [GEMINI] ⏳ WAITING FOR GEMINI TO ANALYZE AND RESPOND...
2025-11-25 19:50:30,085 - INFO - [call_llm_gemini:367] - [GEMINI] ✓ Received response from Gemini
2025-11-25 19:50:30,085 - DEBUG - [call_llm_gemini:380] - [GEMINI] Response content length: 854 chars
2025-11-25 19:50:30,086 - INFO - [call_llm_gemini:381] - [GEMINI] Response (first 300 chars): ```json
{
  "understanding": "The quiz requires a multi-step process. First, I need to perform a GET request to a relative URL, '/demo-scrape-data?email=$EMAIL', to retrieve a secret code. The '$EMAIL' variable in the URL must be substituted with the value provided in the context. Once I have scrape
2025-11-25 19:50:30,086 - DEBUG - [call_llm_gemini:386] - [GEMINI] Removed markdown code blocks
2025-11-25 19:50:30,086 - DEBUG - [call_llm_gemini:392] - [GEMINI] Attempting to parse JSON response
2025-11-25 19:50:30,086 - INFO - [call_llm_gemini:394] - [GEMINI] ✓ Successfully parsed JSON response
2025-11-25 19:50:30,086 - DEBUG - [call_llm_gemini:395] - [GEMINI] Parsed keys: ['understanding', 'needed_steps', 'final_required_action']
2025-11-25 19:50:30,086 - INFO - [llm_understand:506] - [LLM_UNDERSTAND] ✓ Understanding: The quiz requires a multi-step process. First, I need to perform a GET request to a relative URL, '/demo-scrape-data?email=$EMAIL', to retrieve a secr
2025-11-25 19:50:30,086 - INFO - [llm_understand:507] - [LLM_UNDERSTAND] Required steps: 1 steps identified
2025-11-25 19:50:30,086 - INFO - [llm_understand:508] - [LLM_UNDERSTAND] ========== UNDERSTANDING PHASE COMPLETE ==========
2025-11-25 19:50:30,087 - DEBUG - [process_quiz:892] - [QUIZ] Step 4: Perform steps if needed
2025-11-25 19:50:30,087 - DEBUG - [substitute_variables:91] - [CONTEXT] Substituted '/demo-scrape-data?email=$EMAIL' -> '/demo-scrape-data?email=23f2000524@ds.study.iitm.ac.in'
2025-11-25 19:50:30,087 - INFO - [perform_step:615] - [PERFORM] Executing: scrape_url -> /demo-scrape-data?email=23f2000524@ds.study.iitm.ac.in
2025-11-25 19:50:30,087 - INFO - [perform_step:623] - [PERFORM] Scraping: https://tds-llm-analysis.s-anand.net/demo-scrape-data?email=23f2000524@ds.study.iitm.ac.in
2025-11-25 19:50:30,087 - INFO - [perform_step:627] - [PERFORM] Using Playwright to ensure JavaScript execution
2025-11-25 19:50:30,087 - INFO - [fetch_page:132] - [FETCH] Starting fetch: https://tds-llm-analysis.s-anand.net/demo-scrape-data?email=23f2000524@ds.study.iitm.ac.in
2025-11-25 19:50:30,087 - INFO - [fetch_page:156] - [FETCH] Using Playwright for JavaScript execution
2025-11-25 19:50:30,518 - DEBUG - [__init__:64] - Using selector: KqueueSelector
2025-11-25 19:50:31,101 - INFO - [render:175] - [FETCH] Loading page with Playwright: https://tds-llm-analysis.s-anand.net/demo-scrape-data?email=23f2000524@ds.study.iitm.ac.in
2025-11-25 19:50:31,281 - DEBUG - [render:178] - [FETCH] Waiting for JavaScript execution (5s)
2025-11-25 19:50:36,331 - INFO - [render:184] - [FETCH] Playwright render complete: 179 bytes
2025-11-25 19:50:36,335 - DEBUG - [perform_step:634] - [PERFORM] Page content preview: <html><head></head><body><div id="question">Secret code is <strong>56963</strong> and not <em>57854</em>.</div>
<script src="demo-scrape.js" type="module"></script>
</body></html>
2025-11-25 19:50:36,335 - INFO - [extract_data:239] - [EXTRACT] Parsing page data
2025-11-25 19:50:36,335 - DEBUG - [extract_data:268] - [EXTRACT] Found 0 links
2025-11-25 19:50:36,335 - DEBUG - [extract_data:282] - [EXTRACT] Found 0 tables
2025-11-25 19:50:36,335 - DEBUG - [extract_data:302] - [EXTRACT] Found 0 forms
2025-11-25 19:50:36,335 - DEBUG - [extract_base64_content:202] - [EXTRACT] Searching for base64 encoded content
2025-11-25 19:50:36,335 - DEBUG - [extract_file_metadata:217] - [EXTRACT] Extracting file metadata
2025-11-25 19:50:36,336 - DEBUG - [extract_data:311] - [EXTRACT] Found 0 files
2025-11-25 19:50:36,337 - DEBUG - [extract_base64_content:202] - [EXTRACT] Searching for base64 encoded content
2025-11-25 19:50:36,337 - INFO - [perform_step:662] - [PERFORM] Scrape successful
2025-11-25 19:50:36,337 - DEBUG - [process_quiz:905] - [QUIZ] Re-extracting data after scrape
2025-11-25 19:50:36,337 - DEBUG - [extract_base64_content:202] - [EXTRACT] Searching for base64 encoded content
2025-11-25 19:50:36,337 - DEBUG - [process_quiz:908] - [QUIZ] Step 5: Second LLM call - Solving phase
2025-11-25 19:50:36,337 - INFO - [llm_solve:702] - [LLM_SOLVE] ========== PHASE 2: SOLVING QUIZ ==========
2025-11-25 19:50:36,337 - INFO - [llm_solve:703] - [LLM_SOLVE] Sending all data to Gemini for solving...
2025-11-25 19:50:36,337 - INFO - [llm_solve:779] - [LLM_SOLVE] Calling Gemini 2.5 Pro with 4000 tokens...
2025-11-25 19:50:36,337 - DEBUG - [call_llm_gemini:328] - [GEMINI] Calling API with max_tokens=4000
2025-11-25 19:50:36,337 - DEBUG - [call_llm_gemini:354] - [GEMINI] Attempt 1/6
2025-11-25 19:50:36,337 - INFO - [call_llm_gemini:355] - [GEMINI] ⏳ Sending request to Gemini 2.5 Pro...
2025-11-25 19:50:36,337 - INFO - [call_llm_gemini:364] - [GEMINI] ⏳ WAITING FOR GEMINI TO ANALYZE AND RESPOND...
2025-11-25 19:50:55,584 - INFO - [call_llm_gemini:367] - [GEMINI] ✓ Received response from Gemini
2025-11-25 19:50:55,585 - DEBUG - [call_llm_gemini:380] - [GEMINI] Response content length: 1884 chars
2025-11-25 19:50:55,586 - INFO - [call_llm_gemini:381] - [GEMINI] Response (first 300 chars): ```json
{
  "analysis": "1. The initial phase of the quiz involved scraping a URL constructed with a provided email address. The quiz data provided is the result of this scrape.\n2. The URL scraped was `https://tds-llm-analysis.s-anand.net/demo-scrape-data?email=23f2000524@ds.study.iitm.ac.in`.\n3. 
2025-11-25 19:50:55,586 - DEBUG - [call_llm_gemini:386] - [GEMINI] Removed markdown code blocks
2025-11-25 19:50:55,586 - DEBUG - [call_llm_gemini:392] - [GEMINI] Attempting to parse JSON response
2025-11-25 19:50:55,586 - INFO - [call_llm_gemini:394] - [GEMINI] ✓ Successfully parsed JSON response
2025-11-25 19:50:55,586 - DEBUG - [call_llm_gemini:395] - [GEMINI] Parsed keys: ['analysis', 'answer', 'confidence', 'reasoning', 'requires_navigation']
2025-11-25 19:50:55,586 - INFO - [llm_solve:806] - [LLM_SOLVE] ✓ Final answer determined: {'email': '23f2000524@ds.study.iitm.ac.in', 'secret': '56963', 'url': 'https://tds-llm-analysis.s-anand.net/demo-scrape-data?email=23f2000524@ds.study.iitm.ac.in', 'answer': '56963'}
2025-11-25 19:50:55,586 - INFO - [llm_solve:807] - [LLM_SOLVE] Confidence: 1.0
2025-11-25 19:50:55,586 - INFO - [llm_solve:808] - [LLM_SOLVE] Analysis: 1. The initial phase of the quiz involved scraping a URL constructed with a provided email address. The quiz data provided is the result of this scrape.
2. The URL scraped was `https://tds-llm-analysi
2025-11-25 19:50:55,587 - INFO - [llm_solve:809] - [LLM_SOLVE] ========== SOLVING PHASE COMPLETE ==========
2025-11-25 19:50:55,587 - DEBUG - [process_quiz:919] - [QUIZ] Step 6: Submit answer
2025-11-25 19:50:55,587 - INFO - [submit_answer:813] - [SUBMIT] Posting answer to https://tds-llm-analysis.s-anand.net/submit
2025-11-25 19:50:55,587 - DEBUG - [submit_answer:817] - [SUBMIT] Answer is dict with keys: dict_keys(['email', 'secret', 'url', 'answer'])
2025-11-25 19:50:55,587 - INFO - [submit_answer:819] - [SUBMIT] Extracting 'answer' field from dict
2025-11-25 19:50:55,587 - INFO - [submit_answer:834] - [SUBMIT] Payload preview: email=23f2000524@ds.study.iitm.ac.in, url=https://tds-llm-analysis.s-anand.net/demo-scrape?email=23f2000524%40ds.study.iitm.ac.in&id=8633, answer=56963
2025-11-25 19:50:55,587 - DEBUG - [submit_answer:835] - [SUBMIT] Secret used: secre...
2025-11-25 19:50:55,608 - DEBUG - [atrace:87] - connect_tcp.started host='tds-llm-analysis.s-anand.net' port=443 local_address=None timeout=30.0 socket_options=None
2025-11-25 19:50:55,620 - DEBUG - [atrace:87] - connect_tcp.complete return_value=<httpcore._backends.anyio.AnyIOStream object at 0x107dcbe30>
2025-11-25 19:50:55,620 - DEBUG - [atrace:87] - start_tls.started ssl_context=<ssl.SSLContext object at 0x106f3a2b0> server_hostname='tds-llm-analysis.s-anand.net' timeout=30.0
2025-11-25 19:50:55,633 - DEBUG - [atrace:87] - start_tls.complete return_value=<httpcore._backends.anyio.AnyIOStream object at 0x107dbfce0>
2025-11-25 19:50:55,634 - DEBUG - [atrace:87] - send_request_headers.started request=<Request [b'POST']>
2025-11-25 19:50:55,634 - DEBUG - [atrace:87] - send_request_headers.complete
2025-11-25 19:50:55,634 - DEBUG - [atrace:87] - send_request_body.started request=<Request [b'POST']>
2025-11-25 19:50:55,634 - DEBUG - [atrace:87] - send_request_body.complete
2025-11-25 19:50:55,634 - DEBUG - [atrace:87] - receive_response_headers.started request=<Request [b'POST']>
2025-11-25 19:50:55,993 - DEBUG - [atrace:87] - receive_response_headers.complete return_value=(b'HTTP/1.1', 200, b'OK', [(b'Date', b'Tue, 25 Nov 2025 14:20:55 GMT'), (b'Content-Type', b'application/json'), (b'Transfer-Encoding', b'chunked'), (b'Connection', b'keep-alive'), (b'Vary', b'accept-encoding'), (b'Report-To', b'{"group":"cf-nel","max_age":604800,"endpoints":[{"url":"https://a.nel.cloudflare.com/report/v4?s=SkNuJzsLnGocoRezui2wlKTpfkTi98HYj%2FFqDk46vMZ0m36iS32knHU7xvZJuXwUoh6hofepXCLNoCqoIVNMhSB1oNOt2GJzGqZMzoPLL%2BO1puJguzZ0AlDvK48%3D"}]}'), (b'Nel', b'{"report_to":"cf-nel","success_fraction":0.0,"max_age":604800}'), (b'Content-Encoding', b'gzip'), (b'Server', b'cloudflare'), (b'CF-RAY', b'9a41ca1faf95a5d3-DEL'), (b'alt-svc', b'h3=":443"; ma=86400')])
2025-11-25 19:50:55,994 - DEBUG - [atrace:87] - receive_response_body.started request=<Request [b'POST']>
2025-11-25 19:50:55,995 - DEBUG - [atrace:87] - receive_response_body.complete
2025-11-25 19:50:55,995 - DEBUG - [atrace:87] - response_closed.started
2025-11-25 19:50:55,995 - DEBUG - [atrace:87] - response_closed.complete
2025-11-25 19:50:55,996 - DEBUG - [atrace:87] - close.started
2025-11-25 19:50:55,996 - DEBUG - [atrace:87] - close.complete
2025-11-25 19:50:55,996 - INFO - [submit_answer:853] - [SUBMIT] ✓ CORRECT
2025-11-25 19:50:55,997 - INFO - [process_request:957] - [CHAIN] Quiz 3/10 | 100.8s elapsed | 199.2s remaining
2025-11-25 19:50:55,997 - INFO - [process_quiz:872] - [QUIZ] Starting: https://tds-llm-analysis.s-anand.net/demo-audio?email=23f2000524%40ds.study.iitm.ac.in&id=8635
2025-11-25 19:50:55,997 - DEBUG - [extract_url_params:78] - [CONTEXT] Extracted variables: {'EMAIL': '23f2000524@ds.study.iitm.ac.in', 'email': '23f2000524@ds.study.iitm.ac.in', 'ID': '8635', 'id': '8635'}
2025-11-25 19:50:55,997 - DEBUG - [process_quiz:877] - [QUIZ] Step 1: Fetch page
2025-11-25 19:50:55,997 - INFO - [fetch_page:132] - [FETCH] Starting fetch: https://tds-llm-analysis.s-anand.net/demo-audio?email=23f2000524%40ds.study.iitm.ac.in&id=8635
2025-11-25 19:50:55,997 - DEBUG - [fetch_page:138] - [FETCH] Attempting static fetch
2025-11-25 19:50:56,015 - DEBUG - [atrace:87] - connect_tcp.started host='tds-llm-analysis.s-anand.net' port=443 local_address=None timeout=30.0 socket_options=None
2025-11-25 19:50:56,024 - DEBUG - [atrace:87] - connect_tcp.complete return_value=<httpcore._backends.anyio.AnyIOStream object at 0x107dbf790>
2025-11-25 19:50:56,024 - DEBUG - [atrace:87] - start_tls.started ssl_context=<ssl.SSLContext object at 0x1088a8690> server_hostname='tds-llm-analysis.s-anand.net' timeout=30.0
2025-11-25 19:50:56,037 - DEBUG - [atrace:87] - start_tls.complete return_value=<httpcore._backends.anyio.AnyIOStream object at 0x107dcf650>
2025-11-25 19:50:56,037 - DEBUG - [atrace:87] - send_request_headers.started request=<Request [b'GET']>
2025-11-25 19:50:56,038 - DEBUG - [atrace:87] - send_request_headers.complete
2025-11-25 19:50:56,038 - DEBUG - [atrace:87] - send_request_body.started request=<Request [b'GET']>
2025-11-25 19:50:56,038 - DEBUG - [atrace:87] - send_request_body.complete
2025-11-25 19:50:56,038 - DEBUG - [atrace:87] - receive_response_headers.started request=<Request [b'GET']>
2025-11-25 19:50:56,057 - DEBUG - [atrace:87] - receive_response_headers.complete return_value=(b'HTTP/1.1', 200, b'OK', [(b'Date', b'Tue, 25 Nov 2025 14:20:56 GMT'), (b'Content-Type', b'text/html'), (b'Transfer-Encoding', b'chunked'), (b'Connection', b'keep-alive'), (b'CF-Cache-Status', b'HIT'), (b'Cache-Control', b'public, max-age=0, must-revalidate'), (b'Nel', b'{"report_to":"cf-nel","success_fraction":0.0,"max_age":604800}'), (b'Vary', b'accept-encoding'), (b'Report-To', b'{"group":"cf-nel","max_age":604800,"endpoints":[{"url":"https://a.nel.cloudflare.com/report/v4?s=NdWG2XdgLbNNudK7KZxWvYbk2SSKwZnNZ7CapEWE%2BnIgAX6F8ZaIKXAPVICuwcz7B1k6r3XRH%2BsAxbkbqT%2FGxDaMX8tlUQfQyIENzNki%2FPlrqOfYLzGNS3bXElM%3D"}]}'), (b'ETag', b'W/"5444769b77197d9998c3cdb6bc2cd646"'), (b'Content-Encoding', b'gzip'), (b'Server', b'cloudflare'), (b'CF-RAY', b'9a41ca222c494e7b-DEL'), (b'alt-svc', b'h3=":443"; ma=86400')])
2025-11-25 19:50:56,057 - DEBUG - [atrace:87] - receive_response_body.started request=<Request [b'GET']>
2025-11-25 19:50:56,057 - DEBUG - [atrace:87] - receive_response_body.complete
2025-11-25 19:50:56,058 - DEBUG - [atrace:87] - response_closed.started
2025-11-25 19:50:56,058 - DEBUG - [atrace:87] - response_closed.complete
2025-11-25 19:50:56,058 - DEBUG - [atrace:87] - close.started
2025-11-25 19:50:56,058 - DEBUG - [atrace:87] - close.complete
2025-11-25 19:50:56,058 - DEBUG - [fetch_page:143] - [FETCH] Static fetch successful: 635 bytes
2025-11-25 19:50:56,058 - DEBUG - [detect_dynamic_content:107] - [DETECT] Checking for dynamic content
2025-11-25 19:50:56,059 - DEBUG - [process_quiz:883] - [QUIZ] Step 2: Extract data
2025-11-25 19:50:56,059 - INFO - [extract_data:239] - [EXTRACT] Parsing page data
2025-11-25 19:50:56,060 - DEBUG - [extract_data:268] - [EXTRACT] Found 1 links
2025-11-25 19:50:56,060 - DEBUG - [extract_data:282] - [EXTRACT] Found 0 tables
2025-11-25 19:50:56,060 - DEBUG - [extract_data:302] - [EXTRACT] Found 0 forms
2025-11-25 19:50:56,060 - DEBUG - [extract_base64_content:202] - [EXTRACT] Searching for base64 encoded content
2025-11-25 19:50:56,060 - DEBUG - [extract_file_metadata:217] - [EXTRACT] Extracting file metadata
2025-11-25 19:50:56,060 - DEBUG - [extract_file_metadata:234] - [EXTRACT] Found file: CSV file (csv)
2025-11-25 19:50:56,060 - DEBUG - [extract_data:311] - [EXTRACT] Found 1 files
2025-11-25 19:50:56,061 - DEBUG - [process_quiz:886] - [QUIZ] Step 3: First LLM call - Understanding phase
2025-11-25 19:50:56,061 - INFO - [llm_understand:459] - [LLM_UNDERSTAND] ========== PHASE 1: UNDERSTANDING QUIZ ==========
2025-11-25 19:50:56,061 - INFO - [llm_understand:460] - [LLM_UNDERSTAND] Sending data to Gemini for analysis...
2025-11-25 19:50:56,061 - INFO - [llm_understand:502] - [LLM_UNDERSTAND] Calling Gemini 2.5 Pro with 4000 tokens...
2025-11-25 19:50:56,061 - DEBUG - [call_llm_gemini:328] - [GEMINI] Calling API with max_tokens=4000
2025-11-25 19:50:56,061 - DEBUG - [call_llm_gemini:354] - [GEMINI] Attempt 1/6
2025-11-25 19:50:56,061 - INFO - [call_llm_gemini:355] - [GEMINI] ⏳ Sending request to Gemini 2.5 Pro...
2025-11-25 19:50:56,061 - INFO - [call_llm_gemini:364] - [GEMINI] ⏳ WAITING FOR GEMINI TO ANALYZE AND RESPOND...
2025-11-25 19:51:14,426 - INFO - [call_llm_gemini:367] - [GEMINI] ✓ Received response from Gemini
2025-11-25 19:51:14,427 - DEBUG - [call_llm_gemini:380] - [GEMINI] Response content length: 1233 chars
2025-11-25 19:51:14,428 - INFO - [call_llm_gemini:381] - [GEMINI] Response (first 300 chars): ```json
{
  "understanding": "The quiz requires me to find a numerical answer to be submitted via a POST request. The core of the problem lies in processing a CSV file linked on the page. This CSV file likely contains URLs to audio files and some associated numerical data. The page mentions a 'Cutof
2025-11-25 19:51:14,428 - DEBUG - [call_llm_gemini:386] - [GEMINI] Removed markdown code blocks
2025-11-25 19:51:14,428 - DEBUG - [call_llm_gemini:392] - [GEMINI] Attempting to parse JSON response
2025-11-25 19:51:14,428 - INFO - [call_llm_gemini:394] - [GEMINI] ✓ Successfully parsed JSON response
2025-11-25 19:51:14,428 - DEBUG - [call_llm_gemini:395] - [GEMINI] Parsed keys: ['understanding', 'needed_steps', 'final_required_action']
2025-11-25 19:51:14,428 - INFO - [llm_understand:506] - [LLM_UNDERSTAND] ✓ Understanding: The quiz requires me to find a numerical answer to be submitted via a POST request. The core of the problem lies in processing a CSV file linked on th
2025-11-25 19:51:14,429 - INFO - [llm_understand:507] - [LLM_UNDERSTAND] Required steps: 2 steps identified
2025-11-25 19:51:14,429 - INFO - [llm_understand:508] - [LLM_UNDERSTAND] ========== UNDERSTANDING PHASE COMPLETE ==========
2025-11-25 19:51:14,429 - DEBUG - [process_quiz:892] - [QUIZ] Step 4: Perform steps if needed
2025-11-25 19:51:14,429 - DEBUG - [substitute_variables:91] - [CONTEXT] Substituted 'https://tds-llm-analysis.s-anand.net/demo-audio-data.csv' -> 'https://tds-llm-analysis.s-anand.net/demo-audio-data.csv'
2025-11-25 19:51:14,429 - INFO - [perform_step:615] - [PERFORM] Executing: download_file -> https://tds-llm-analysis.s-anand.net/demo-audio-data.csv
2025-11-25 19:51:14,429 - INFO - [download_and_process_file:515] - [FILE] Downloading: https://tds-llm-analysis.s-anand.net/demo-audio-data.csv
2025-11-25 19:51:14,450 - DEBUG - [atrace:87] - connect_tcp.started host='tds-llm-analysis.s-anand.net' port=443 local_address=None timeout=60.0 socket_options=None
2025-11-25 19:51:14,458 - DEBUG - [atrace:87] - connect_tcp.complete return_value=<httpcore._backends.anyio.AnyIOStream object at 0x10894a850>
2025-11-25 19:51:14,458 - DEBUG - [atrace:87] - start_tls.started ssl_context=<ssl.SSLContext object at 0x1069b6450> server_hostname='tds-llm-analysis.s-anand.net' timeout=60.0
2025-11-25 19:51:14,471 - DEBUG - [atrace:87] - start_tls.complete return_value=<httpcore._backends.anyio.AnyIOStream object at 0x107de6c60>
2025-11-25 19:51:14,472 - DEBUG - [atrace:87] - send_request_headers.started request=<Request [b'GET']>
2025-11-25 19:51:14,472 - DEBUG - [atrace:87] - send_request_headers.complete
2025-11-25 19:51:14,472 - DEBUG - [atrace:87] - send_request_body.started request=<Request [b'GET']>
2025-11-25 19:51:14,472 - DEBUG - [atrace:87] - send_request_body.complete
2025-11-25 19:51:14,472 - DEBUG - [atrace:87] - receive_response_headers.started request=<Request [b'GET']>
2025-11-25 19:51:14,485 - DEBUG - [atrace:87] - receive_response_headers.complete return_value=(b'HTTP/1.1', 200, b'OK', [(b'Date', b'Tue, 25 Nov 2025 14:21:14 GMT'), (b'Content-Type', b'text/csv'), (b'Content-Length', b'5886'), (b'Connection', b'keep-alive'), (b'CF-Cache-Status', b'HIT'), (b'Cache-Control', b'public, max-age=0, must-revalidate'), (b'ETag', b'"f2ee98d446192ace60a31775a0d8322c"'), (b'Vary', b'accept-encoding'), (b'Report-To', b'{"group":"cf-nel","max_age":604800,"endpoints":[{"url":"https://a.nel.cloudflare.com/report/v4?s=FUdS3Ydq01kitwiJjYggKSViEpTg5k8lcQn6jsnSOBDoiM3pABwcr0%2BLsK1rsIjRXo7nqgtVWuhVj76ZIhEDg1%2Ff7W8mBP198sjs8rcdWTGhhgTP62SauuKVwjA%3D"}]}'), (b'Nel', b'{"report_to":"cf-nel","success_fraction":0.0,"max_age":604800}'), (b'Server', b'cloudflare'), (b'CF-RAY', b'9a41ca956d5ec9b2-DEL'), (b'alt-svc', b'h3=":443"; ma=86400')])
2025-11-25 19:51:14,486 - DEBUG - [atrace:87] - receive_response_body.started request=<Request [b'GET']>
2025-11-25 19:51:14,486 - DEBUG - [atrace:87] - receive_response_body.complete
2025-11-25 19:51:14,486 - DEBUG - [atrace:87] - response_closed.started
2025-11-25 19:51:14,486 - DEBUG - [atrace:87] - response_closed.complete
2025-11-25 19:51:14,487 - DEBUG - [atrace:87] - close.started
2025-11-25 19:51:14,487 - DEBUG - [atrace:87] - close.complete
2025-11-25 19:51:14,487 - DEBUG - [download_and_process_file:522] - [FILE] Downloaded 5886 bytes
2025-11-25 19:51:14,487 - DEBUG - [download_and_process_file:528] - [FILE] Processing csv file
2025-11-25 19:51:14,827 - INFO - [download_and_process_file:550] - [FILE] CSV: (999, 1)
2025-11-25 19:51:14,829 - INFO - [perform_step:683] - [PERFORM] File download and processing successful
2025-11-25 19:51:14,829 - DEBUG - [substitute_variables:91] - [CONTEXT] Substituted 'demo-audio-data.csv' -> 'demo-audio-data.csv'
2025-11-25 19:51:14,829 - INFO - [perform_step:615] - [PERFORM] Executing: compute -> demo-audio-data.csv
2025-11-25 19:51:14,829 - INFO - [perform_step:694] - [PERFORM] Compute action (will handle in solve phase)
2025-11-25 19:51:14,829 - DEBUG - [process_quiz:908] - [QUIZ] Step 5: Second LLM call - Solving phase
2025-11-25 19:51:14,829 - INFO - [llm_solve:702] - [LLM_SOLVE] ========== PHASE 2: SOLVING QUIZ ==========
2025-11-25 19:51:14,829 - INFO - [llm_solve:703] - [LLM_SOLVE] Sending all data to Gemini for solving...
2025-11-25 19:51:14,829 - INFO - [llm_solve:779] - [LLM_SOLVE] Calling Gemini 2.5 Pro with 4000 tokens...
2025-11-25 19:51:14,829 - DEBUG - [call_llm_gemini:328] - [GEMINI] Calling API with max_tokens=4000
2025-11-25 19:51:14,829 - DEBUG - [call_llm_gemini:354] - [GEMINI] Attempt 1/6
2025-11-25 19:51:14,829 - INFO - [call_llm_gemini:355] - [GEMINI] ⏳ Sending request to Gemini 2.5 Pro...
2025-11-25 19:51:14,829 - INFO - [call_llm_gemini:364] - [GEMINI] ⏳ WAITING FOR GEMINI TO ANALYZE AND RESPOND...
2025-11-25 19:51:48,218 - INFO - [call_llm_gemini:367] - [GEMINI] ✓ Received response from Gemini
2025-11-25 19:51:48,219 - WARNING - [call_llm_gemini:450] - [GEMINI] Error: ValueError: Invalid operation: The `response.text` quick accessor requires the response to contain a valid `Part`, but none were returned. The candidate's [finish_reason](https://ai.google.dev/api/generate-content#finishreason) is 2.
2025-11-25 19:51:48,219 - WARNING - [call_llm_gemini:451] - [GEMINI] Retry 1/5 after 2s
2025-11-25 19:51:50,221 - DEBUG - [call_llm_gemini:354] - [GEMINI] Attempt 2/6
2025-11-25 19:51:50,221 - INFO - [call_llm_gemini:355] - [GEMINI] ⏳ Sending request to Gemini 2.5 Pro...
2025-11-25 19:51:50,222 - INFO - [call_llm_gemini:364] - [GEMINI] ⏳ WAITING FOR GEMINI TO ANALYZE AND RESPOND...
2025-11-25 19:51:53,484 - INFO - [shutdown:264] - Shutting down
2025-11-25 19:51:53,585 - INFO - [_wait_tasks_to_complete:306] - Waiting for background tasks to complete. (CTRL+C to force quit)
2025-11-25 19:51:54,497 - INFO - [_serve:94] - Finished server process [35414]
2025-11-25 19:51:54,503 - ERROR - [send:134] - Traceback (most recent call last):
  File "/opt/homebrew/Cellar/python@3.14/3.14.0/Frameworks/Python.framework/Versions/3.14/lib/python3.14/asyncio/runners.py", line 204, in run
    return runner.run(main)
           ~~~~~~~~~~^^^^^^
  File "/opt/homebrew/Cellar/python@3.14/3.14.0/Frameworks/Python.framework/Versions/3.14/lib/python3.14/asyncio/runners.py", line 127, in run
    return self._loop.run_until_complete(task)
           ~~~~~~~~~~~~~~~~~~~~~~~~~~~~~^^^^^^
  File "/opt/homebrew/Cellar/python@3.14/3.14.0/Frameworks/Python.framework/Versions/3.14/lib/python3.14/asyncio/base_events.py", line 706, in run_until_complete
    self.run_forever()
    ~~~~~~~~~~~~~~~~^^
  File "/opt/homebrew/Cellar/python@3.14/3.14.0/Frameworks/Python.framework/Versions/3.14/lib/python3.14/asyncio/base_events.py", line 677, in run_forever
    self._run_once()
    ~~~~~~~~~~~~~~^^
  File "/opt/homebrew/Cellar/python@3.14/3.14.0/Frameworks/Python.framework/Versions/3.14/lib/python3.14/asyncio/base_events.py", line 2046, in _run_once
    handle._run()
    ~~~~~~~~~~~^^
  File "/opt/homebrew/Cellar/python@3.14/3.14.0/Frameworks/Python.framework/Versions/3.14/lib/python3.14/asyncio/events.py", line 94, in _run
    self._context.run(self._callback, *self._args)
    ~~~~~~~~~~~~~~~~~^^^^^^^^^^^^^^^^^^^^^^^^^^^^^
  File "/Users/goldenmehmood/.cache/uv/environments-v2/rec-req-52b8bfcfd2afe510/lib/python3.14/site-packages/uvicorn/server.py", line 70, in serve
    with self.capture_signals():
         ~~~~~~~~~~~~~~~~~~~~^^
  File "/opt/homebrew/Cellar/python@3.14/3.14.0/Frameworks/Python.framework/Versions/3.14/lib/python3.14/contextlib.py", line 148, in __exit__
    next(self.gen)
    ~~~~^^^^^^^^^^
  File "/Users/goldenmehmood/.cache/uv/environments-v2/rec-req-52b8bfcfd2afe510/lib/python3.14/site-packages/uvicorn/server.py", line 331, in capture_signals
    signal.raise_signal(captured_signal)
    ~~~~~~~~~~~~~~~~~~~^^^^^^^^^^^^^^^^^
  File "/opt/homebrew/Cellar/python@3.14/3.14.0/Frameworks/Python.framework/Versions/3.14/lib/python3.14/asyncio/runners.py", line 166, in _on_sigint
    raise KeyboardInterrupt()
KeyboardInterrupt

During handling of the above exception, another exception occurred:

Traceback (most recent call last):
  File "/Users/goldenmehmood/.cache/uv/environments-v2/rec-req-52b8bfcfd2afe510/lib/python3.14/site-packages/starlette/routing.py", line 701, in lifespan
    await receive()
  File "/Users/goldenmehmood/.cache/uv/environments-v2/rec-req-52b8bfcfd2afe510/lib/python3.14/site-packages/uvicorn/lifespan/on.py", line 137, in receive
    return await self.receive_queue.get()
           ^^^^^^^^^^^^^^^^^^^^^^^^^^^^^^
  File "/opt/homebrew/Cellar/python@3.14/3.14.0/Frameworks/Python.framework/Versions/3.14/lib/python3.14/asyncio/queues.py", line 186, in get
    await getter
asyncio.exceptions.CancelledError

2025-11-25 19:51:54,503 - ERROR - [run_asgi:408] - Exception in ASGI application
Traceback (most recent call last):
  File "/opt/homebrew/Cellar/python@3.14/3.14.0/Frameworks/Python.framework/Versions/3.14/lib/python3.14/asyncio/runners.py", line 204, in run
    return runner.run(main)
           ~~~~~~~~~~^^^^^^
  File "/opt/homebrew/Cellar/python@3.14/3.14.0/Frameworks/Python.framework/Versions/3.14/lib/python3.14/asyncio/runners.py", line 127, in run
    return self._loop.run_until_complete(task)
           ~~~~~~~~~~~~~~~~~~~~~~~~~~~~~^^^^^^
  File "/opt/homebrew/Cellar/python@3.14/3.14.0/Frameworks/Python.framework/Versions/3.14/lib/python3.14/asyncio/base_events.py", line 706, in run_until_complete
    self.run_forever()
    ~~~~~~~~~~~~~~~~^^
  File "/opt/homebrew/Cellar/python@3.14/3.14.0/Frameworks/Python.framework/Versions/3.14/lib/python3.14/asyncio/base_events.py", line 677, in run_forever
    self._run_once()
    ~~~~~~~~~~~~~~^^
  File "/opt/homebrew/Cellar/python@3.14/3.14.0/Frameworks/Python.framework/Versions/3.14/lib/python3.14/asyncio/base_events.py", line 2046, in _run_once
    handle._run()
    ~~~~~~~~~~~^^
  File "/opt/homebrew/Cellar/python@3.14/3.14.0/Frameworks/Python.framework/Versions/3.14/lib/python3.14/asyncio/events.py", line 94, in _run
    self._context.run(self._callback, *self._args)
    ~~~~~~~~~~~~~~~~~^^^^^^^^^^^^^^^^^^^^^^^^^^^^^
  File "/Users/goldenmehmood/.cache/uv/environments-v2/rec-req-52b8bfcfd2afe510/lib/python3.14/site-packages/uvicorn/server.py", line 70, in serve
    with self.capture_signals():
         ~~~~~~~~~~~~~~~~~~~~^^
  File "/opt/homebrew/Cellar/python@3.14/3.14.0/Frameworks/Python.framework/Versions/3.14/lib/python3.14/contextlib.py", line 148, in __exit__
    next(self.gen)
    ~~~~^^^^^^^^^^
  File "/Users/goldenmehmood/.cache/uv/environments-v2/rec-req-52b8bfcfd2afe510/lib/python3.14/site-packages/uvicorn/server.py", line 331, in capture_signals
    signal.raise_signal(captured_signal)
    ~~~~~~~~~~~~~~~~~~~^^^^^^^^^^^^^^^^^
  File "/opt/homebrew/Cellar/python@3.14/3.14.0/Frameworks/Python.framework/Versions/3.14/lib/python3.14/asyncio/runners.py", line 166, in _on_sigint
    raise KeyboardInterrupt()
KeyboardInterrupt

During handling of the above exception, another exception occurred:

Traceback (most recent call last):
  File "/Users/goldenmehmood/.cache/uv/environments-v2/rec-req-52b8bfcfd2afe510/lib/python3.14/site-packages/uvicorn/protocols/http/h11_impl.py", line 403, in run_asgi
    result = await app(  # type: ignore[func-returns-value]
             ^^^^^^^^^^^^^^^^^^^^^^^^^^^^^^^^^^^^^^^^^^^^^^
        self.scope, self.receive, self.send
        ^^^^^^^^^^^^^^^^^^^^^^^^^^^^^^^^^^^
    )
    ^
  File "/Users/goldenmehmood/.cache/uv/environments-v2/rec-req-52b8bfcfd2afe510/lib/python3.14/site-packages/uvicorn/middleware/proxy_headers.py", line 60, in __call__
    return await self.app(scope, receive, send)
           ^^^^^^^^^^^^^^^^^^^^^^^^^^^^^^^^^^^^
  File "/Users/goldenmehmood/.cache/uv/environments-v2/rec-req-52b8bfcfd2afe510/lib/python3.14/site-packages/fastapi/applications.py", line 1134, in __call__
    await super().__call__(scope, receive, send)
  File "/Users/goldenmehmood/.cache/uv/environments-v2/rec-req-52b8bfcfd2afe510/lib/python3.14/site-packages/starlette/applications.py", line 107, in __call__
    await self.middleware_stack(scope, receive, send)
  File "/Users/goldenmehmood/.cache/uv/environments-v2/rec-req-52b8bfcfd2afe510/lib/python3.14/site-packages/starlette/middleware/errors.py", line 164, in __call__
    await self.app(scope, receive, _send)
  File "/Users/goldenmehmood/.cache/uv/environments-v2/rec-req-52b8bfcfd2afe510/lib/python3.14/site-packages/starlette/middleware/exceptions.py", line 63, in __call__
    await wrap_app_handling_exceptions(self.app, conn)(scope, receive, send)
  File "/Users/goldenmehmood/.cache/uv/environments-v2/rec-req-52b8bfcfd2afe510/lib/python3.14/site-packages/starlette/_exception_handler.py", line 42, in wrapped_app
    await app(scope, receive, sender)
  File "/Users/goldenmehmood/.cache/uv/environments-v2/rec-req-52b8bfcfd2afe510/lib/python3.14/site-packages/fastapi/middleware/asyncexitstack.py", line 18, in __call__
    await self.app(scope, receive, send)
  File "/Users/goldenmehmood/.cache/uv/environments-v2/rec-req-52b8bfcfd2afe510/lib/python3.14/site-packages/starlette/routing.py", line 716, in __call__
    await self.middleware_stack(scope, receive, send)
  File "/Users/goldenmehmood/.cache/uv/environments-v2/rec-req-52b8bfcfd2afe510/lib/python3.14/site-packages/starlette/routing.py", line 736, in app
    await route.handle(scope, receive, send)
  File "/Users/goldenmehmood/.cache/uv/environments-v2/rec-req-52b8bfcfd2afe510/lib/python3.14/site-packages/starlette/routing.py", line 290, in handle
    await self.app(scope, receive, send)
  File "/Users/goldenmehmood/.cache/uv/environments-v2/rec-req-52b8bfcfd2afe510/lib/python3.14/site-packages/fastapi/routing.py", line 125, in app
    await wrap_app_handling_exceptions(app, request)(scope, receive, send)
  File "/Users/goldenmehmood/.cache/uv/environments-v2/rec-req-52b8bfcfd2afe510/lib/python3.14/site-packages/starlette/_exception_handler.py", line 42, in wrapped_app
    await app(scope, receive, sender)
  File "/Users/goldenmehmood/.cache/uv/environments-v2/rec-req-52b8bfcfd2afe510/lib/python3.14/site-packages/fastapi/routing.py", line 112, in app
    await response(scope, receive, send)
  File "/Users/goldenmehmood/.cache/uv/environments-v2/rec-req-52b8bfcfd2afe510/lib/python3.14/site-packages/starlette/responses.py", line 167, in __call__
    await self.background()
  File "/Users/goldenmehmood/.cache/uv/environments-v2/rec-req-52b8bfcfd2afe510/lib/python3.14/site-packages/starlette/background.py", line 36, in __call__
    await task()
  File "/Users/goldenmehmood/.cache/uv/environments-v2/rec-req-52b8bfcfd2afe510/lib/python3.14/site-packages/starlette/background.py", line 21, in __call__
    await self.func(*self.args, **self.kwargs)
  File "/Users/goldenmehmood/Documents/iitmwork/tds/tdsproj2gitted/tdsproject2/rec_req.py", line 960, in process_request
    success, next_url = await process_quiz(current_url, email, secret, BASE_URL)
                        ^^^^^^^^^^^^^^^^^^^^^^^^^^^^^^^^^^^^^^^^^^^^^^^^^^^^^^^^
  File "/Users/goldenmehmood/Documents/iitmwork/tds/tdsproj2gitted/tdsproject2/rec_req.py", line 909, in process_quiz
    solution = await llm_solve(data, understanding, context)
               ^^^^^^^^^^^^^^^^^^^^^^^^^^^^^^^^^^^^^^^^^^^^^
  File "/Users/goldenmehmood/Documents/iitmwork/tds/tdsproj2gitted/tdsproject2/rec_req.py", line 780, in llm_solve
    result = await call_llm_gemini(prompt, system_instruction, max_tokens=4000)
             ^^^^^^^^^^^^^^^^^^^^^^^^^^^^^^^^^^^^^^^^^^^^^^^^^^^^^^^^^^^^^^^^^^
  File "/Users/goldenmehmood/Documents/iitmwork/tds/tdsproj2gitted/tdsproject2/rec_req.py", line 365, in call_llm_gemini
    response = await asyncio.to_thread(model.generate_content, prompt)
               ^^^^^^^^^^^^^^^^^^^^^^^^^^^^^^^^^^^^^^^^^^^^^^^^^^^^^^^
  File "/opt/homebrew/Cellar/python@3.14/3.14.0/Frameworks/Python.framework/Versions/3.14/lib/python3.14/asyncio/threads.py", line 25, in to_thread
    return await loop.run_in_executor(None, func_call)
           ^^^^^^^^^^^^^^^^^^^^^^^^^^^^^^^^^^^^^^^^^^^
asyncio.exceptions.CancelledError
